Using pre-set license
Built from '2020.3/staging' branch; Version is '2020.3.9f1 (108be757e447) revision 1084391'; Using compiler version '192528614'; Build Type 'Release'
OS: 'Windows 10 Home Single Language; OS build 19042.1052; Version 2009; 64bit' Language: 'es' Physical Memory: 16244 MB
BatchMode: 1, IsHumanControllingUs: 0, StartBugReporterOnCrash: 0, Is64bit: 1, IsPro: 0

 COMMAND LINE ARGUMENTS:
C:\Program Files\Unity\Hub\Editor\2020.3.9f1\Editor\Unity.exe
-adb2
-batchMode
-noUpm
-name
AssetImportWorker0
-projectPath
C:/Users/anfes/OneDrive/Desktop/Game Development/angeltmare/angeltmare
-logFile
Logs/AssetImportWorker0.log
-srvPort
54889
Successfully changed project path to: C:/Users/anfes/OneDrive/Desktop/Game Development/angeltmare/angeltmare
C:/Users/anfes/OneDrive/Desktop/Game Development/angeltmare/angeltmare
Using Asset Import Pipeline V2.
Refreshing native plugins compatible for Editor in 44.29 ms, found 1 plugins.
Preloading 0 native plugins for Editor in 0.00 ms.
Initialize engine version: 2020.3.9f1 (108be757e447)
[Subsystems] Discovering subsystems at path C:/Program Files/Unity/Hub/Editor/2020.3.9f1/Editor/Data/Resources/UnitySubsystems
[Subsystems] Discovering subsystems at path C:/Users/anfes/OneDrive/Desktop/Game Development/angeltmare/angeltmare/Assets
GfxDevice: creating device client; threaded=0
Direct3D:
    Version:  Direct3D 11.0 [level 11.1]
    Renderer: NVIDIA GeForce GTX 1060 (ID=0x1c20)
    Vendor:   
    VRAM:     6052 MB
    Driver:   27.21.14.6627
Initialize mono
Mono path[0] = 'C:/Program Files/Unity/Hub/Editor/2020.3.9f1/Editor/Data/Managed'
Mono path[1] = 'C:/Program Files/Unity/Hub/Editor/2020.3.9f1/Editor/Data/MonoBleedingEdge/lib/mono/unityjit'
Mono config path = 'C:/Program Files/Unity/Hub/Editor/2020.3.9f1/Editor/Data/MonoBleedingEdge/etc'
Using monoOptions --debugger-agent=transport=dt_socket,embedding=1,server=y,suspend=n,address=127.0.0.1:56680
Begin MonoManager ReloadAssembly
Registering precompiled unity dll's ...
Register platform support module: C:/Program Files/Unity/Hub/Editor/2020.3.9f1/Editor/Data/PlaybackEngines/WindowsStandaloneSupport/UnityEditor.WindowsStandalone.Extensions.dll
Registered in 0.002575 seconds.
Native extension for WindowsStandalone target not found
Refreshing native plugins compatible for Editor in 56.41 ms, found 1 plugins.
Preloading 0 native plugins for Editor in 0.00 ms.
Mono: successfully reloaded assembly
- Completed reload, in  1.392 seconds
Platform modules already initialized, skipping
Registering precompiled user dll's ...
Registered in 0.001409 seconds.
Begin MonoManager ReloadAssembly
Native extension for WindowsStandalone target not found
Refreshing native plugins compatible for Editor in 51.45 ms, found 1 plugins.
Preloading 0 native plugins for Editor in 0.00 ms.
Mono: successfully reloaded assembly
- Completed reload, in  1.223 seconds
Platform modules already initialized, skipping
========================================================================
Worker process is ready to serve import requests
Launched and connected shader compiler UnityShaderCompiler.exe after 0.06 seconds
Refreshing native plugins compatible for Editor in 0.38 ms, found 1 plugins.
Preloading 0 native plugins for Editor in 0.00 ms.
Unloading 1828 Unused Serialized files (Serialized files now loaded: 0)
System memory in use before: 87.2 MB.
System memory in use after: 87.2 MB.

Unloading 24 unused Assets to reduce memory usage. Loaded Objects now: 2271.
Total: 2.498300 ms (FindLiveObjects: 0.187300 ms CreateObjectMapping: 0.076000 ms MarkObjects: 2.056500 ms  DeleteObjects: 0.177300 ms)

========================================================================
Received Import Request.
  path: Assets/Images/Hands/Hands Hang.png
  artifactKey: Guid(5ff6722d84a191744b20a6a288ca5563) Importer(815301076,1909f56bfc062723c751e8b465ee728b)
Start importing Assets/Images/Hands/Hands Hang.png using Guid(5ff6722d84a191744b20a6a288ca5563) Importer(815301076,1909f56bfc062723c751e8b465ee728b)  -> (artifact id: '29c5c9ac646d93c5029afc74a053e624') in 0.190390 seconds
  Import took 0.196934 seconds .

========================================================================
Received Import Request.
  Time since last request: 0.000388 seconds.
  path: Assets/Images/Hands/Hands R Fist.png
  artifactKey: Guid(3c49c913392072649babeb8c810e04d5) Importer(815301076,1909f56bfc062723c751e8b465ee728b)
Start importing Assets/Images/Hands/Hands R Fist.png using Guid(3c49c913392072649babeb8c810e04d5) Importer(815301076,1909f56bfc062723c751e8b465ee728b)  -> (artifact id: '01439afc6d5c85676e53f54f4287d726') in 0.018714 seconds
  Import took 0.027230 seconds .

========================================================================
Received Import Request.
  Time since last request: 0.000279 seconds.
  path: Assets/Images/Hands/Hands L Hand.png
  artifactKey: Guid(18f7833ed98b0d54b8fa2e72b6ea5dd8) Importer(815301076,1909f56bfc062723c751e8b465ee728b)
Start importing Assets/Images/Hands/Hands L Hand.png using Guid(18f7833ed98b0d54b8fa2e72b6ea5dd8) Importer(815301076,1909f56bfc062723c751e8b465ee728b)  -> (artifact id: 'e12f67ea1f88190a0d7100a323d44844') in 0.019812 seconds
  Import took 0.025764 seconds .

========================================================================
Received Import Request.
  Time since last request: 0.000293 seconds.
  path: Assets/Images/Hands/Hands Number.png
  artifactKey: Guid(17c36f4ad14ef0f4186568feb1f1296c) Importer(815301076,1909f56bfc062723c751e8b465ee728b)
Start importing Assets/Images/Hands/Hands Number.png using Guid(17c36f4ad14ef0f4186568feb1f1296c) Importer(815301076,1909f56bfc062723c751e8b465ee728b)  -> (artifact id: '68074fa3105f4f350a64ccc8e12c1fc6') in 0.018861 seconds
  Import took 0.025764 seconds .

========================================================================
Received Import Request.
  Time since last request: 0.000238 seconds.
  path: Assets/Images/Hands/Hands R Hand.png
  artifactKey: Guid(8e3311d3ab258b14787e2d158c32e7d2) Importer(815301076,1909f56bfc062723c751e8b465ee728b)
Start importing Assets/Images/Hands/Hands R Hand.png using Guid(8e3311d3ab258b14787e2d158c32e7d2) Importer(815301076,1909f56bfc062723c751e8b465ee728b)  -> (artifact id: '014771d303cfba8ef663f7d35e71a58a') in 0.018847 seconds
  Import took 0.027188 seconds .

========================================================================
Received Prepare
Registering precompiled user dll's ...
Registered in 0.001326 seconds.
Begin MonoManager ReloadAssembly
Native extension for WindowsStandalone target not found
Refreshing native plugins compatible for Editor in 0.54 ms, found 1 plugins.
Preloading 0 native plugins for Editor in 0.00 ms.
Mono: successfully reloaded assembly
- Completed reload, in  1.243 seconds
Platform modules already initialized, skipping
Refreshing native plugins compatible for Editor in 0.48 ms, found 1 plugins.
Preloading 0 native plugins for Editor in 0.00 ms.
Unloading 1810 Unused Serialized files (Serialized files now loaded: 0)
System memory in use before: 89.0 MB.
System memory in use after: 89.0 MB.

Unloading 12 unused Assets to reduce memory usage. Loaded Objects now: 2281.
Total: 3.654800 ms (FindLiveObjects: 0.330900 ms CreateObjectMapping: 0.137000 ms MarkObjects: 3.026400 ms  DeleteObjects: 0.158900 ms)

========================================================================
Received Prepare
Registering precompiled user dll's ...
Registered in 0.001195 seconds.
Begin MonoManager ReloadAssembly
Native extension for WindowsStandalone target not found
Refreshing native plugins compatible for Editor in 0.37 ms, found 1 plugins.
Preloading 0 native plugins for Editor in 0.00 ms.
Mono: successfully reloaded assembly
- Completed reload, in  1.076 seconds
Platform modules already initialized, skipping
Refreshing native plugins compatible for Editor in 0.58 ms, found 1 plugins.
Preloading 0 native plugins for Editor in 0.00 ms.
Unloading 1810 Unused Serialized files (Serialized files now loaded: 0)
System memory in use before: 89.0 MB.
System memory in use after: 89.0 MB.

Unloading 12 unused Assets to reduce memory usage. Loaded Objects now: 2285.
Total: 3.147300 ms (FindLiveObjects: 0.319900 ms CreateObjectMapping: 0.197800 ms MarkObjects: 2.468500 ms  DeleteObjects: 0.159300 ms)

========================================================================
Received Prepare
Registering precompiled user dll's ...
Registered in 0.001936 seconds.
Begin MonoManager ReloadAssembly
Native extension for WindowsStandalone target not found
Refreshing native plugins compatible for Editor in 0.39 ms, found 1 plugins.
Preloading 0 native plugins for Editor in 0.00 ms.
Mono: successfully reloaded assembly
- Completed reload, in  1.002 seconds
Platform modules already initialized, skipping
Refreshing native plugins compatible for Editor in 0.45 ms, found 1 plugins.
Preloading 0 native plugins for Editor in 0.00 ms.
Unloading 1810 Unused Serialized files (Serialized files now loaded: 0)
System memory in use before: 89.1 MB.
System memory in use after: 89.0 MB.

Unloading 12 unused Assets to reduce memory usage. Loaded Objects now: 2289.
Total: 3.188600 ms (FindLiveObjects: 0.292600 ms CreateObjectMapping: 0.112000 ms MarkObjects: 2.658500 ms  DeleteObjects: 0.124000 ms)

========================================================================
Received Prepare
Registering precompiled user dll's ...
Registered in 0.001440 seconds.
Begin MonoManager ReloadAssembly
Native extension for WindowsStandalone target not found
Refreshing native plugins compatible for Editor in 0.57 ms, found 1 plugins.
Preloading 0 native plugins for Editor in 0.00 ms.
Mono: successfully reloaded assembly
- Completed reload, in  1.238 seconds
Platform modules already initialized, skipping
Refreshing native plugins compatible for Editor in 0.40 ms, found 1 plugins.
Preloading 0 native plugins for Editor in 0.00 ms.
Unloading 1810 Unused Serialized files (Serialized files now loaded: 0)
System memory in use before: 89.1 MB.
System memory in use after: 89.0 MB.

Unloading 12 unused Assets to reduce memory usage. Loaded Objects now: 2293.
Total: 3.043100 ms (FindLiveObjects: 0.306700 ms CreateObjectMapping: 0.168300 ms MarkObjects: 2.370600 ms  DeleteObjects: 0.196000 ms)

========================================================================
Received Prepare
Registering precompiled user dll's ...
Registered in 0.001378 seconds.
Begin MonoManager ReloadAssembly
Native extension for WindowsStandalone target not found
Refreshing native plugins compatible for Editor in 0.38 ms, found 1 plugins.
Preloading 0 native plugins for Editor in 0.00 ms.
Mono: successfully reloaded assembly
- Completed reload, in  1.196 seconds
Platform modules already initialized, skipping
Refreshing native plugins compatible for Editor in 0.47 ms, found 1 plugins.
Preloading 0 native plugins for Editor in 0.00 ms.
Unloading 1810 Unused Serialized files (Serialized files now loaded: 0)
System memory in use before: 89.1 MB.
System memory in use after: 89.1 MB.

Unloading 12 unused Assets to reduce memory usage. Loaded Objects now: 2297.
Total: 3.294700 ms (FindLiveObjects: 0.393100 ms CreateObjectMapping: 0.236200 ms MarkObjects: 2.457000 ms  DeleteObjects: 0.206900 ms)

========================================================================
Received Import Request.
  Time since last request: 5803.473650 seconds.
  path: Assets/Images/Walls
  artifactKey: Guid(16c2b3a2b9b622b4397524078d0ac3e3) Importer(815301076,1909f56bfc062723c751e8b465ee728b)
Start importing Assets/Images/Walls using Guid(16c2b3a2b9b622b4397524078d0ac3e3) Importer(815301076,1909f56bfc062723c751e8b465ee728b)  -> (artifact id: '42c392ccf99f169790452bcd478d8c70') in 0.019101 seconds
  Import took 0.032059 seconds .

========================================================================
Received Import Request.
  Time since last request: 10.080385 seconds.
  path: Assets/Images/Walls/Concrete
  artifactKey: Guid(e86f4ba5832ae084a95fdbbe86741895) Importer(815301076,1909f56bfc062723c751e8b465ee728b)
Start importing Assets/Images/Walls/Concrete using Guid(e86f4ba5832ae084a95fdbbe86741895) Importer(815301076,1909f56bfc062723c751e8b465ee728b)  -> (artifact id: '47c53d2c24fa5315e262e3c8d6b228fb') in 0.009765 seconds
  Import took 0.016958 seconds .

========================================================================
Received Import Request.
  Time since last request: 9.355619 seconds.
  path: Assets/Images/Walls/Concrete/Cemento-32_01.png
  artifactKey: Guid(85cee95a48a22a14598235d6c9348382) Importer(815301076,1909f56bfc062723c751e8b465ee728b)
Start importing Assets/Images/Walls/Concrete/Cemento-32_01.png using Guid(85cee95a48a22a14598235d6c9348382) Importer(815301076,1909f56bfc062723c751e8b465ee728b)  -> (artifact id: 'f247c3edb7353ad6d3ff61a2c48546fd') in 0.093153 seconds
  Import took 0.099844 seconds .

========================================================================
Received Import Request.
  Time since last request: 0.000347 seconds.
  path: Assets/Images/Walls/Concrete/Cemento-32_07.png
  artifactKey: Guid(9c0634e474db0c7469512267a6d234f4) Importer(815301076,1909f56bfc062723c751e8b465ee728b)
Start importing Assets/Images/Walls/Concrete/Cemento-32_07.png using Guid(9c0634e474db0c7469512267a6d234f4) Importer(815301076,1909f56bfc062723c751e8b465ee728b)  -> (artifact id: 'ac01f3c3e0ad67f2ad9dccb2e59fe576') in 0.017372 seconds
  Import took 0.023000 seconds .

========================================================================
Received Import Request.
  Time since last request: 0.000373 seconds.
  path: Assets/Images/Walls/Concrete/Cemento-32_05.png
  artifactKey: Guid(9122279b1d95334459e1cbb0e747e184) Importer(815301076,1909f56bfc062723c751e8b465ee728b)
Start importing Assets/Images/Walls/Concrete/Cemento-32_05.png using Guid(9122279b1d95334459e1cbb0e747e184) Importer(815301076,1909f56bfc062723c751e8b465ee728b)  -> (artifact id: 'bf7e27a558bd6c3db82016340b9e45e5') in 0.026134 seconds
  Import took 0.032085 seconds .

========================================================================
Received Import Request.
  Time since last request: 0.000618 seconds.
  path: Assets/Images/Walls/Concrete/Cemento-32_09.png
  artifactKey: Guid(28068a0f9d3921c41ab4e8d80b791016) Importer(815301076,1909f56bfc062723c751e8b465ee728b)
Start importing Assets/Images/Walls/Concrete/Cemento-32_09.png using Guid(28068a0f9d3921c41ab4e8d80b791016) Importer(815301076,1909f56bfc062723c751e8b465ee728b)  -> (artifact id: '7d05127003763b244885f3ea34e7b04d') in 0.017419 seconds
  Import took 0.022336 seconds .

========================================================================
Received Import Request.
  Time since last request: 0.000235 seconds.
  path: Assets/Images/Walls/Concrete/Cemento-32_06.png
  artifactKey: Guid(c12b0c622e8a1c8448a6de74c27fe77c) Importer(815301076,1909f56bfc062723c751e8b465ee728b)
Start importing Assets/Images/Walls/Concrete/Cemento-32_06.png using Guid(c12b0c622e8a1c8448a6de74c27fe77c) Importer(815301076,1909f56bfc062723c751e8b465ee728b)  -> (artifact id: '1efded4e5c38189ee768a2ad59c77a85') in 0.018357 seconds
  Import took 0.023356 seconds .

========================================================================
Received Import Request.
  Time since last request: 0.000241 seconds.
  path: Assets/Images/Walls/Concrete/Cemento-32_02.png
  artifactKey: Guid(8077ac1cc7847a04ebd65322200ec21a) Importer(815301076,1909f56bfc062723c751e8b465ee728b)
Start importing Assets/Images/Walls/Concrete/Cemento-32_02.png using Guid(8077ac1cc7847a04ebd65322200ec21a) Importer(815301076,1909f56bfc062723c751e8b465ee728b)  -> (artifact id: '7c1e43bcf580d6f205ba54acd4396080') in 0.015136 seconds
  Import took 0.020908 seconds .

========================================================================
Received Import Request.
  Time since last request: 0.000263 seconds.
  path: Assets/Images/Walls/Concrete/Cemento-32_04.png
  artifactKey: Guid(c8e590311a1893b4891887802b9627fe) Importer(815301076,1909f56bfc062723c751e8b465ee728b)
Start importing Assets/Images/Walls/Concrete/Cemento-32_04.png using Guid(c8e590311a1893b4891887802b9627fe) Importer(815301076,1909f56bfc062723c751e8b465ee728b)  -> (artifact id: '7a8e916f7f5ba7f96dbcc01d0bc5f4ca') in 0.014778 seconds
  Import took 0.021368 seconds .

========================================================================
Received Import Request.
  Time since last request: 0.000225 seconds.
  path: Assets/Images/Walls/Concrete/Cemento-32_08.png
  artifactKey: Guid(d6fd54c902cbe8f49ad3d2f3ca5f44b2) Importer(815301076,1909f56bfc062723c751e8b465ee728b)
Start importing Assets/Images/Walls/Concrete/Cemento-32_08.png using Guid(d6fd54c902cbe8f49ad3d2f3ca5f44b2) Importer(815301076,1909f56bfc062723c751e8b465ee728b)  -> (artifact id: '0901a35e08af4fa242e2366c77f97ff3') in 0.016100 seconds
  Import took 0.021658 seconds .

========================================================================
Received Import Request.
  Time since last request: 0.000210 seconds.
  path: Assets/Images/Walls/Concrete/Cemento-32_03.png
  artifactKey: Guid(2a2ed62cd0d22ba4c89f1fc2a350bcf4) Importer(815301076,1909f56bfc062723c751e8b465ee728b)
Start importing Assets/Images/Walls/Concrete/Cemento-32_03.png using Guid(2a2ed62cd0d22ba4c89f1fc2a350bcf4) Importer(815301076,1909f56bfc062723c751e8b465ee728b)  -> (artifact id: 'd792220e0bb97c38299fac7eb61f3dbd') in 0.015820 seconds
  Import took 0.020365 seconds .

========================================================================
Received Prepare
Registering precompiled user dll's ...
Registered in 0.001475 seconds.
Begin MonoManager ReloadAssembly
Native extension for WindowsStandalone target not found
Refreshing native plugins compatible for Editor in 0.52 ms, found 1 plugins.
Preloading 0 native plugins for Editor in 0.00 ms.
Mono: successfully reloaded assembly
- Completed reload, in  1.173 seconds
Platform modules already initialized, skipping
Refreshing native plugins compatible for Editor in 0.72 ms, found 1 plugins.
Preloading 0 native plugins for Editor in 0.00 ms.
Unloading 1810 Unused Serialized files (Serialized files now loaded: 0)
System memory in use before: 89.1 MB.
System memory in use after: 89.1 MB.

Unloading 12 unused Assets to reduce memory usage. Loaded Objects now: 2304.
Total: 2.733200 ms (FindLiveObjects: 0.281600 ms CreateObjectMapping: 0.069600 ms MarkObjects: 2.066200 ms  DeleteObjects: 0.314400 ms)

========================================================================
Received Import Request.
  Time since last request: 686.650175 seconds.
  path: Assets/Materials/Wall.mat
  artifactKey: Guid(76a9926ee2bd426458a1fa31efc6db07) Importer(815301076,1909f56bfc062723c751e8b465ee728b)
Start importing Assets/Materials/Wall.mat using Guid(76a9926ee2bd426458a1fa31efc6db07) Importer(815301076,1909f56bfc062723c751e8b465ee728b)  -> (artifact id: '3e1641784f6a76816cdfdb3bac536911') in 0.103655 seconds
  Import took 0.110279 seconds .

========================================================================
Received Prepare
Registering precompiled user dll's ...
Registered in 0.002459 seconds.
Begin MonoManager ReloadAssembly
Native extension for WindowsStandalone target not found
Refreshing native plugins compatible for Editor in 1.02 ms, found 1 plugins.
Preloading 0 native plugins for Editor in 0.00 ms.
Mono: successfully reloaded assembly
- Completed reload, in  1.224 seconds
Platform modules already initialized, skipping
Refreshing native plugins compatible for Editor in 0.45 ms, found 1 plugins.
Preloading 0 native plugins for Editor in 0.00 ms.
Unloading 1810 Unused Serialized files (Serialized files now loaded: 0)
System memory in use before: 89.4 MB.
System memory in use after: 89.3 MB.

Unloading 12 unused Assets to reduce memory usage. Loaded Objects now: 2346.
Total: 2.299800 ms (FindLiveObjects: 0.182000 ms CreateObjectMapping: 0.055300 ms MarkObjects: 1.923200 ms  DeleteObjects: 0.138300 ms)

========================================================================
Received Import Request.
  Time since last request: 450.954747 seconds.
  path: Assets/Materials/Wall2.mat
  artifactKey: Guid(b430374c0c82a534b832a872fa3da049) Importer(815301076,1909f56bfc062723c751e8b465ee728b)
Start importing Assets/Materials/Wall2.mat using Guid(b430374c0c82a534b832a872fa3da049) Importer(815301076,1909f56bfc062723c751e8b465ee728b)  -> (artifact id: 'b2c3b82598466ac138145693c2d1737a') in 0.077194 seconds
  Import took 0.084906 seconds .

========================================================================
Received Import Request.
  Time since last request: 32.142268 seconds.
  path: Assets/Materials/Wall3.mat
  artifactKey: Guid(9a6f8c5ec08ad574a990d06e660e989b) Importer(815301076,1909f56bfc062723c751e8b465ee728b)
Start importing Assets/Materials/Wall3.mat using Guid(9a6f8c5ec08ad574a990d06e660e989b) Importer(815301076,1909f56bfc062723c751e8b465ee728b)  -> (artifact id: 'f4b30dafd8c1541258cd17da740c96aa') in 0.017021 seconds
  Import took 0.024542 seconds .

========================================================================
Received Prepare
Registering precompiled user dll's ...
Registered in 0.001867 seconds.
Begin MonoManager ReloadAssembly
Native extension for WindowsStandalone target not found
Refreshing native plugins compatible for Editor in 0.35 ms, found 1 plugins.
Preloading 0 native plugins for Editor in 0.00 ms.
Mono: successfully reloaded assembly
- Completed reload, in  1.125 seconds
Platform modules already initialized, skipping
Refreshing native plugins compatible for Editor in 0.41 ms, found 1 plugins.
Preloading 0 native plugins for Editor in 0.00 ms.
Unloading 1810 Unused Serialized files (Serialized files now loaded: 0)
System memory in use before: 89.4 MB.
System memory in use after: 89.3 MB.

Unloading 12 unused Assets to reduce memory usage. Loaded Objects now: 2351.
Total: 4.376700 ms (FindLiveObjects: 0.282700 ms CreateObjectMapping: 0.114900 ms MarkObjects: 3.806000 ms  DeleteObjects: 0.170600 ms)

========================================================================
Received Import Request.
  Time since last request: 305.182842 seconds.
  path: Assets/Images/Angels
  artifactKey: Guid(273102d217529714b969f75bf5bb8745) Importer(815301076,1909f56bfc062723c751e8b465ee728b)
Start importing Assets/Images/Angels using Guid(273102d217529714b969f75bf5bb8745) Importer(815301076,1909f56bfc062723c751e8b465ee728b)  -> (artifact id: 'bb481a16247d44ce3c7ffaac9c6bed78') in 0.018638 seconds
  Import took 0.026483 seconds .

========================================================================
Received Import Request.
  Time since last request: 4.388452 seconds.
  path: Assets/Images/Angels/1
  artifactKey: Guid(da58e52658fc9f84d8464dee0658579d) Importer(815301076,1909f56bfc062723c751e8b465ee728b)
Start importing Assets/Images/Angels/1 using Guid(da58e52658fc9f84d8464dee0658579d) Importer(815301076,1909f56bfc062723c751e8b465ee728b)  -> (artifact id: 'ad6abb567f9e8b67a29d7aa4897db9be') in 0.009851 seconds
  Import took 0.017504 seconds .

========================================================================
Received Import Request.
  Time since last request: 7.219030 seconds.
  path: Assets/Images/Angels/1/Angel 1 Awake F1.png
  artifactKey: Guid(17c1b7a4b2a0182468ec98d8430fbdd3) Importer(815301076,1909f56bfc062723c751e8b465ee728b)
Start importing Assets/Images/Angels/1/Angel 1 Awake F1.png using Guid(17c1b7a4b2a0182468ec98d8430fbdd3) Importer(815301076,1909f56bfc062723c751e8b465ee728b)  -> (artifact id: '8ac7aa47805c4ea3334b61f1f0e3b381') in 0.080619 seconds
  Import took 0.088602 seconds .

========================================================================
Received Import Request.
  Time since last request: 0.000226 seconds.
  path: Assets/Images/Angels/1/Angel 1 Awake F3.png
  artifactKey: Guid(9dc4f19fad227784dbf262f311be10f1) Importer(815301076,1909f56bfc062723c751e8b465ee728b)
Start importing Assets/Images/Angels/1/Angel 1 Awake F3.png using Guid(9dc4f19fad227784dbf262f311be10f1) Importer(815301076,1909f56bfc062723c751e8b465ee728b)  -> (artifact id: '4ec04b1b173b869850839b13f75db0cc') in 0.019455 seconds
  Import took 0.026512 seconds .

========================================================================
Received Import Request.
  Time since last request: 0.000229 seconds.
  path: Assets/Images/Angels/1/Angel 1 Awake F4.png
  artifactKey: Guid(d4eb4428a1a3fe344b01e8cad7d22f3b) Importer(815301076,1909f56bfc062723c751e8b465ee728b)
Start importing Assets/Images/Angels/1/Angel 1 Awake F4.png using Guid(d4eb4428a1a3fe344b01e8cad7d22f3b) Importer(815301076,1909f56bfc062723c751e8b465ee728b)  -> (artifact id: '8fa26df4fce10e5876f99fd425ce256d') in 0.018447 seconds
  Import took 0.025712 seconds .

========================================================================
Received Import Request.
  Time since last request: 0.000226 seconds.
  path: Assets/Images/Angels/1/Angel 1 Awake F2.png
  artifactKey: Guid(ed0ef4afc2319304a86de255bacfa689) Importer(815301076,1909f56bfc062723c751e8b465ee728b)
Start importing Assets/Images/Angels/1/Angel 1 Awake F2.png using Guid(ed0ef4afc2319304a86de255bacfa689) Importer(815301076,1909f56bfc062723c751e8b465ee728b)  -> (artifact id: '1f11929886210c61b6aa3e5b110eceea') in 0.020760 seconds
  Import took 0.027142 seconds .

========================================================================
Received Import Request.
  Time since last request: 4.197287 seconds.
  path: Assets/Images/Angels/1/Angel 1 Sleeping F1.png
  artifactKey: Guid(61d1d5cd0c3f19342a6d675d9eeda76f) Importer(815301076,1909f56bfc062723c751e8b465ee728b)
Start importing Assets/Images/Angels/1/Angel 1 Sleeping F1.png using Guid(61d1d5cd0c3f19342a6d675d9eeda76f) Importer(815301076,1909f56bfc062723c751e8b465ee728b)  -> (artifact id: '877443ec984e236f75fa2bc1f37b4f8e') in 0.021236 seconds
  Import took 0.031266 seconds .

========================================================================
Received Import Request.
  Time since last request: 0.000244 seconds.
  path: Assets/Images/Angels/1/Angel 1 Sleeping F2.png
  artifactKey: Guid(1a7ca911dc16a9e4c8679634c9ba90b1) Importer(815301076,1909f56bfc062723c751e8b465ee728b)
Start importing Assets/Images/Angels/1/Angel 1 Sleeping F2.png using Guid(1a7ca911dc16a9e4c8679634c9ba90b1) Importer(815301076,1909f56bfc062723c751e8b465ee728b)  -> (artifact id: 'df66e536aa5aab4984cd071067eb9481') in 0.031538 seconds
  Import took 0.041346 seconds .

========================================================================
Received Import Request.
  Time since last request: 0.000392 seconds.
  path: Assets/Images/Angels/1/Angel 1 Sleeping F3.png
  artifactKey: Guid(8136940575d14e14c9253e0ea9a66d18) Importer(815301076,1909f56bfc062723c751e8b465ee728b)
Start importing Assets/Images/Angels/1/Angel 1 Sleeping F3.png using Guid(8136940575d14e14c9253e0ea9a66d18) Importer(815301076,1909f56bfc062723c751e8b465ee728b)  -> (artifact id: '9ea11018bbcebf7c8c9e0cedd201e873') in 0.017779 seconds
  Import took 0.023498 seconds .

========================================================================
Received Prepare
Registering precompiled user dll's ...
Registered in 0.001642 seconds.
Begin MonoManager ReloadAssembly
Native extension for WindowsStandalone target not found
Refreshing native plugins compatible for Editor in 0.38 ms, found 1 plugins.
Preloading 0 native plugins for Editor in 0.00 ms.
Mono: successfully reloaded assembly
- Completed reload, in  1.160 seconds
Platform modules already initialized, skipping
Refreshing native plugins compatible for Editor in 0.38 ms, found 1 plugins.
Preloading 0 native plugins for Editor in 0.00 ms.
Unloading 1810 Unused Serialized files (Serialized files now loaded: 0)
System memory in use before: 89.4 MB.
System memory in use after: 89.4 MB.

Unloading 12 unused Assets to reduce memory usage. Loaded Objects now: 2358.
Total: 2.246900 ms (FindLiveObjects: 0.203400 ms CreateObjectMapping: 0.076600 ms MarkObjects: 1.825400 ms  DeleteObjects: 0.140400 ms)

========================================================================
Received Prepare
Registering precompiled user dll's ...
Registered in 0.001872 seconds.
Begin MonoManager ReloadAssembly
Native extension for WindowsStandalone target not found
Refreshing native plugins compatible for Editor in 0.38 ms, found 1 plugins.
Preloading 0 native plugins for Editor in 0.00 ms.
Mono: successfully reloaded assembly
- Completed reload, in  1.174 seconds
Platform modules already initialized, skipping
Refreshing native plugins compatible for Editor in 0.36 ms, found 1 plugins.
Preloading 0 native plugins for Editor in 0.00 ms.
Unloading 1810 Unused Serialized files (Serialized files now loaded: 0)
System memory in use before: 89.4 MB.
System memory in use after: 89.4 MB.

Unloading 12 unused Assets to reduce memory usage. Loaded Objects now: 2362.
Total: 6.409600 ms (FindLiveObjects: 0.234400 ms CreateObjectMapping: 0.130100 ms MarkObjects: 5.150500 ms  DeleteObjects: 0.892400 ms)

========================================================================
Received Import Request.
  Time since last request: 209.693407 seconds.
  path: Assets/Images/Cemento_01.png
  artifactKey: Guid(9204cd08e5f8a034995bb6233b99a4de) Importer(815301076,1909f56bfc062723c751e8b465ee728b)
Start importing Assets/Images/Cemento_01.png using Guid(9204cd08e5f8a034995bb6233b99a4de) Importer(815301076,1909f56bfc062723c751e8b465ee728b)  -> (artifact id: 'c109e74dbcb22b235a7231e0420da7c2') in 0.072926 seconds
  Import took 0.077551 seconds .

========================================================================
Received Import Request.
  Time since last request: 0.000425 seconds.
  path: Assets/Images/Cemento_07.png
  artifactKey: Guid(d748d76d2f3c8aa41b1c586296cd8775) Importer(815301076,1909f56bfc062723c751e8b465ee728b)
Start importing Assets/Images/Cemento_07.png using Guid(d748d76d2f3c8aa41b1c586296cd8775) Importer(815301076,1909f56bfc062723c751e8b465ee728b)  -> (artifact id: 'f80c2e33d56b9905850430631d816f86') in 0.016485 seconds
  Import took 0.020943 seconds .

========================================================================
Received Import Request.
  Time since last request: 0.000190 seconds.
  path: Assets/Images/Cemento_09.png
  artifactKey: Guid(9de2065fca137774c92f120c28798311) Importer(815301076,1909f56bfc062723c751e8b465ee728b)
Start importing Assets/Images/Cemento_09.png using Guid(9de2065fca137774c92f120c28798311) Importer(815301076,1909f56bfc062723c751e8b465ee728b)  -> (artifact id: '1fc7627ae8fe8399f75e27b2ca25c852') in 0.016639 seconds
  Import took 0.020784 seconds .

========================================================================
Received Import Request.
  Time since last request: 0.000196 seconds.
  path: Assets/Images/Cemento_03.png
  artifactKey: Guid(5407fd09e6f2a7249b981b63c79923f1) Importer(815301076,1909f56bfc062723c751e8b465ee728b)
Start importing Assets/Images/Cemento_03.png using Guid(5407fd09e6f2a7249b981b63c79923f1) Importer(815301076,1909f56bfc062723c751e8b465ee728b)  -> (artifact id: 'b1ebf4fb4db176c2c4bf1fb5a8333312') in 0.017012 seconds
  Import took 0.021070 seconds .

========================================================================
Received Import Request.
  Time since last request: 0.000220 seconds.
  path: Assets/Images/Cemento_08.png
  artifactKey: Guid(b6947cdbf56dd2b43a4ae70bdff6eb47) Importer(815301076,1909f56bfc062723c751e8b465ee728b)
Start importing Assets/Images/Cemento_08.png using Guid(b6947cdbf56dd2b43a4ae70bdff6eb47) Importer(815301076,1909f56bfc062723c751e8b465ee728b)  -> (artifact id: '782433fe0f20da929bdabc9b82865690') in 0.022024 seconds
  Import took 0.027512 seconds .

========================================================================
Received Import Request.
  Time since last request: 0.000582 seconds.
  path: Assets/Images/Cemento_04.png
  artifactKey: Guid(f1105a8d54abe6249ad10d94376b1083) Importer(815301076,1909f56bfc062723c751e8b465ee728b)
Start importing Assets/Images/Cemento_04.png using Guid(f1105a8d54abe6249ad10d94376b1083) Importer(815301076,1909f56bfc062723c751e8b465ee728b)  -> (artifact id: '0274f0df86e70adce2cfbf094bc206d1') in 0.021496 seconds
  Import took 0.028844 seconds .

========================================================================
Received Import Request.
  Time since last request: 0.000214 seconds.
  path: Assets/Images/Cemento_05.png
  artifactKey: Guid(dd4354f619c499b44a2986b23cba1c3b) Importer(815301076,1909f56bfc062723c751e8b465ee728b)
Start importing Assets/Images/Cemento_05.png using Guid(dd4354f619c499b44a2986b23cba1c3b) Importer(815301076,1909f56bfc062723c751e8b465ee728b)  -> (artifact id: 'addea1e56f85ca561495c414a1f27852') in 0.032386 seconds
  Import took 0.039215 seconds .

========================================================================
Received Import Request.
  Time since last request: 0.000254 seconds.
  path: Assets/Images/Cemento_02.png
  artifactKey: Guid(97199e51d51ecf345af489d714138c12) Importer(815301076,1909f56bfc062723c751e8b465ee728b)
Start importing Assets/Images/Cemento_02.png using Guid(97199e51d51ecf345af489d714138c12) Importer(815301076,1909f56bfc062723c751e8b465ee728b)  -> (artifact id: 'fe8a819c501c990c149ee0d263bfc805') in 0.037259 seconds
  Import took 0.043030 seconds .

========================================================================
Received Import Request.
  Time since last request: 0.000184 seconds.
  path: Assets/Images/Cemento_06.png
  artifactKey: Guid(9b0082f3b44c084489a1f672a64df9b9) Importer(815301076,1909f56bfc062723c751e8b465ee728b)
Start importing Assets/Images/Cemento_06.png using Guid(9b0082f3b44c084489a1f672a64df9b9) Importer(815301076,1909f56bfc062723c751e8b465ee728b)  -> (artifact id: 'cde098109a2367656a89387c29e75cd1') in 0.018320 seconds
  Import took 0.021898 seconds .

========================================================================
Received Prepare
Registering precompiled user dll's ...
Registered in 0.001845 seconds.
Begin MonoManager ReloadAssembly
Native extension for WindowsStandalone target not found
Refreshing native plugins compatible for Editor in 0.37 ms, found 1 plugins.
Preloading 0 native plugins for Editor in 0.00 ms.
Mono: successfully reloaded assembly
- Completed reload, in  1.227 seconds
Platform modules already initialized, skipping
Refreshing native plugins compatible for Editor in 0.40 ms, found 1 plugins.
Preloading 0 native plugins for Editor in 0.00 ms.
Unloading 1810 Unused Serialized files (Serialized files now loaded: 0)
System memory in use before: 89.4 MB.
System memory in use after: 89.4 MB.

Unloading 12 unused Assets to reduce memory usage. Loaded Objects now: 2368.
Total: 2.636000 ms (FindLiveObjects: 0.485800 ms CreateObjectMapping: 0.139200 ms MarkObjects: 1.895800 ms  DeleteObjects: 0.113800 ms)

========================================================================
Received Prepare
Registering precompiled user dll's ...
Registered in 0.001642 seconds.
Begin MonoManager ReloadAssembly
Native extension for WindowsStandalone target not found
Refreshing native plugins compatible for Editor in 0.49 ms, found 1 plugins.
Preloading 0 native plugins for Editor in 0.00 ms.
Mono: successfully reloaded assembly
- Completed reload, in  1.282 seconds
Platform modules already initialized, skipping
Refreshing native plugins compatible for Editor in 0.69 ms, found 1 plugins.
Preloading 0 native plugins for Editor in 0.00 ms.
Unloading 1810 Unused Serialized files (Serialized files now loaded: 0)
System memory in use before: 89.4 MB.
System memory in use after: 89.4 MB.

Unloading 12 unused Assets to reduce memory usage. Loaded Objects now: 2372.
Total: 2.390300 ms (FindLiveObjects: 0.192900 ms CreateObjectMapping: 0.072400 ms MarkObjects: 2.003200 ms  DeleteObjects: 0.120500 ms)

========================================================================
Received Import Request.
  Time since last request: 145.648869 seconds.
  path: Assets/Materials/Walls.mat
  artifactKey: Guid(29f4baf4fe9b2ee4a8fb626ce72c97f0) Importer(815301076,1909f56bfc062723c751e8b465ee728b)
Start importing Assets/Materials/Walls.mat using Guid(29f4baf4fe9b2ee4a8fb626ce72c97f0) Importer(815301076,1909f56bfc062723c751e8b465ee728b)  -> (artifact id: 'e2aae4e3c52e362e8382fdd40875e02d') in 0.087811 seconds
  Import took 0.095343 seconds .

========================================================================
Received Prepare
Registering precompiled user dll's ...
Registered in 0.001204 seconds.
Begin MonoManager ReloadAssembly
Native extension for WindowsStandalone target not found
Refreshing native plugins compatible for Editor in 0.39 ms, found 1 plugins.
Preloading 0 native plugins for Editor in 0.00 ms.
Mono: successfully reloaded assembly
- Completed reload, in  1.228 seconds
Platform modules already initialized, skipping
Refreshing native plugins compatible for Editor in 0.82 ms, found 1 plugins.
Preloading 0 native plugins for Editor in 0.00 ms.
Unloading 1810 Unused Serialized files (Serialized files now loaded: 0)
System memory in use before: 89.5 MB.
System memory in use after: 89.4 MB.

Unloading 12 unused Assets to reduce memory usage. Loaded Objects now: 2377.
Total: 2.072800 ms (FindLiveObjects: 0.177600 ms CreateObjectMapping: 0.073800 ms MarkObjects: 1.704000 ms  DeleteObjects: 0.116100 ms)

========================================================================
Received Import Request.
  Time since last request: 511.522805 seconds.
  path: Assets/Materials/AngelWall-1.mat
  artifactKey: Guid(d94d48786bffe724889ed2e52de6d533) Importer(815301076,1909f56bfc062723c751e8b465ee728b)
Start importing Assets/Materials/AngelWall-1.mat using Guid(d94d48786bffe724889ed2e52de6d533) Importer(815301076,1909f56bfc062723c751e8b465ee728b)  -> (artifact id: 'b86fd8903a1fda9d17a0c8c831c7baf5') in 0.101166 seconds
  Import took 0.106076 seconds .

========================================================================
Received Import Request.
  Time since last request: 18.207761 seconds.
  path: Assets/Images/Walls/AngelWalls
  artifactKey: Guid(19906b16c8b594945a2efcdc6310c972) Importer(815301076,1909f56bfc062723c751e8b465ee728b)
Start importing Assets/Images/Walls/AngelWalls using Guid(19906b16c8b594945a2efcdc6310c972) Importer(815301076,1909f56bfc062723c751e8b465ee728b)  -> (artifact id: 'fc33182702b4eae9c7c55d9da6abe608') in 0.012383 seconds
  Import took 0.017458 seconds .

========================================================================
Received Import Request.
  Time since last request: 5.721150 seconds.
  path: Assets/Images/Walls/AngelWalls/1
  artifactKey: Guid(3aaed14e0bc3a7a45a4dc92357b0e5b6) Importer(815301076,1909f56bfc062723c751e8b465ee728b)
Start importing Assets/Images/Walls/AngelWalls/1 using Guid(3aaed14e0bc3a7a45a4dc92357b0e5b6) Importer(815301076,1909f56bfc062723c751e8b465ee728b)  -> (artifact id: '0359d55d06d227eda734775e374399a3') in 0.003754 seconds
  Import took 0.009475 seconds .

========================================================================
Received Import Request.
  Time since last request: 7.889916 seconds.
  path: Assets/Images/Walls/AngelWalls/1/Muro-Angel-1_0000_Angel-1-muro-F4.png
  artifactKey: Guid(d3180778a81ae45459b1cd72bb331c22) Importer(815301076,1909f56bfc062723c751e8b465ee728b)
Start importing Assets/Images/Walls/AngelWalls/1/Muro-Angel-1_0000_Angel-1-muro-F4.png using Guid(d3180778a81ae45459b1cd72bb331c22) Importer(815301076,1909f56bfc062723c751e8b465ee728b)  -> (artifact id: 'b895c4235c8458f2b77d261654213b8f') in 0.041404 seconds
  Import took 0.047896 seconds .

========================================================================
Received Import Request.
  Time since last request: 0.000275 seconds.
  path: Assets/Images/Walls/AngelWalls/1/Muro-Angel-1_0001_Angel-1-muro-F3.png
  artifactKey: Guid(8742746258fc2c342a0ac6b0dc91e8ac) Importer(815301076,1909f56bfc062723c751e8b465ee728b)
Start importing Assets/Images/Walls/AngelWalls/1/Muro-Angel-1_0001_Angel-1-muro-F3.png using Guid(8742746258fc2c342a0ac6b0dc91e8ac) Importer(815301076,1909f56bfc062723c751e8b465ee728b)  -> (artifact id: '4b3fbf523f0f83014e01ccdc6c972444') in 0.020626 seconds
  Import took 0.028144 seconds .

========================================================================
Received Import Request.
  Time since last request: 0.000277 seconds.
  path: Assets/Images/Walls/AngelWalls/1/Muro-Angel-1_0003_Angel-1-muro-F1.png
  artifactKey: Guid(f5f6743b7ab1744449714d3e867d6fe4) Importer(815301076,1909f56bfc062723c751e8b465ee728b)
Start importing Assets/Images/Walls/AngelWalls/1/Muro-Angel-1_0003_Angel-1-muro-F1.png using Guid(f5f6743b7ab1744449714d3e867d6fe4) Importer(815301076,1909f56bfc062723c751e8b465ee728b)  -> (artifact id: 'd7a66293e7d2bc14704a38147f9572ae') in 0.026529 seconds
  Import took 0.033346 seconds .

========================================================================
Received Import Request.
  Time since last request: 0.000259 seconds.
  path: Assets/Images/Walls/AngelWalls/1/Muro-Angel-1_0002_Angel-1-muro-F2.png
  artifactKey: Guid(160bfc1d0acac624aabceab17d66920a) Importer(815301076,1909f56bfc062723c751e8b465ee728b)
Start importing Assets/Images/Walls/AngelWalls/1/Muro-Angel-1_0002_Angel-1-muro-F2.png using Guid(160bfc1d0acac624aabceab17d66920a) Importer(815301076,1909f56bfc062723c751e8b465ee728b)  -> (artifact id: '85cdcf24c9a561aea951d065dcf8f4bc') in 0.030369 seconds
  Import took 0.036825 seconds .

========================================================================
Received Prepare
Registering precompiled user dll's ...
Registered in 0.001323 seconds.
Begin MonoManager ReloadAssembly
Native extension for WindowsStandalone target not found
Refreshing native plugins compatible for Editor in 0.62 ms, found 1 plugins.
Preloading 0 native plugins for Editor in 0.00 ms.
Mono: successfully reloaded assembly
- Completed reload, in  1.185 seconds
Platform modules already initialized, skipping
Refreshing native plugins compatible for Editor in 0.36 ms, found 1 plugins.
Preloading 0 native plugins for Editor in 0.00 ms.
Unloading 1810 Unused Serialized files (Serialized files now loaded: 0)
System memory in use before: 89.5 MB.
System memory in use after: 89.5 MB.

Unloading 12 unused Assets to reduce memory usage. Loaded Objects now: 2382.
Total: 2.561600 ms (FindLiveObjects: 0.186300 ms CreateObjectMapping: 0.068800 ms MarkObjects: 2.183200 ms  DeleteObjects: 0.121500 ms)

========================================================================
Received Prepare
Registering precompiled user dll's ...
Registered in 0.001794 seconds.
Begin MonoManager ReloadAssembly
Native extension for WindowsStandalone target not found
Refreshing native plugins compatible for Editor in 0.86 ms, found 1 plugins.
Preloading 0 native plugins for Editor in 0.00 ms.
Mono: successfully reloaded assembly
- Completed reload, in  1.487 seconds
Platform modules already initialized, skipping
Refreshing native plugins compatible for Editor in 0.83 ms, found 1 plugins.
Preloading 0 native plugins for Editor in 0.00 ms.
Unloading 1810 Unused Serialized files (Serialized files now loaded: 0)
System memory in use before: 89.5 MB.
System memory in use after: 89.5 MB.

Unloading 12 unused Assets to reduce memory usage. Loaded Objects now: 2386.
Total: 3.717000 ms (FindLiveObjects: 0.189400 ms CreateObjectMapping: 0.073200 ms MarkObjects: 3.275700 ms  DeleteObjects: 0.176600 ms)

========================================================================
Received Import Request.
  Time since last request: 288.636582 seconds.
  path: Assets/Images/floor
  artifactKey: Guid(a6bfaacd66a575e4ba7711b4b2c48977) Importer(815301076,1909f56bfc062723c751e8b465ee728b)
Start importing Assets/Images/floor using Guid(a6bfaacd66a575e4ba7711b4b2c48977) Importer(815301076,1909f56bfc062723c751e8b465ee728b)  -> (artifact id: 'b558c210b5f7eb63b61dbfbfa9c27574') in 0.016162 seconds
  Import took 0.022068 seconds .

========================================================================
Received Import Request.
  Time since last request: 41.276550 seconds.
  path: Assets/Images/floor/Muro-Angel-1-F1_01.png
  artifactKey: Guid(696901dd360b2b64981e4d8bb4ebda8b) Importer(815301076,1909f56bfc062723c751e8b465ee728b)
Start importing Assets/Images/floor/Muro-Angel-1-F1_01.png using Guid(696901dd360b2b64981e4d8bb4ebda8b) Importer(815301076,1909f56bfc062723c751e8b465ee728b)  -> (artifact id: '305b8d5b300b980737370cab6ce0c868') in 0.066062 seconds
  Import took 0.070782 seconds .

========================================================================
Received Import Request.
  Time since last request: 0.000286 seconds.
  path: Assets/Images/floor/Muro-Angel-1-F1_09.png
  artifactKey: Guid(0465347edbf5846469e5ee57a937c61c) Importer(815301076,1909f56bfc062723c751e8b465ee728b)
Start importing Assets/Images/floor/Muro-Angel-1-F1_09.png using Guid(0465347edbf5846469e5ee57a937c61c) Importer(815301076,1909f56bfc062723c751e8b465ee728b)  -> (artifact id: 'dcd68b7aa7f41d1a91948e3cf8d47241') in 0.018693 seconds
  Import took 0.025277 seconds .

========================================================================
Received Import Request.
  Time since last request: 0.000219 seconds.
  path: Assets/Images/floor/Muro-Angel-1-F1_08.png
  artifactKey: Guid(25af4e284501b9d479c6e35a3dd3f99e) Importer(815301076,1909f56bfc062723c751e8b465ee728b)
Start importing Assets/Images/floor/Muro-Angel-1-F1_08.png using Guid(25af4e284501b9d479c6e35a3dd3f99e) Importer(815301076,1909f56bfc062723c751e8b465ee728b)  -> (artifact id: '754a86f201b40966d05538a30537f5ea') in 0.022263 seconds
  Import took 0.027177 seconds .

========================================================================
Received Import Request.
  Time since last request: 0.000214 seconds.
  path: Assets/Images/floor/Muro-Angel-1-F1_06.png
  artifactKey: Guid(2173a7c2c7bab8048881dca7baf0da85) Importer(815301076,1909f56bfc062723c751e8b465ee728b)
Start importing Assets/Images/floor/Muro-Angel-1-F1_06.png using Guid(2173a7c2c7bab8048881dca7baf0da85) Importer(815301076,1909f56bfc062723c751e8b465ee728b)  -> (artifact id: 'a86d5d0d7ba18331cff3c6b337dbeda1') in 0.019279 seconds
  Import took 0.024386 seconds .

========================================================================
Received Import Request.
  Time since last request: 0.000223 seconds.
  path: Assets/Images/floor/Muro-Angel-1-F1_02.png
  artifactKey: Guid(50f66452fd1f1774aafd0e25550ca955) Importer(815301076,1909f56bfc062723c751e8b465ee728b)
Start importing Assets/Images/floor/Muro-Angel-1-F1_02.png using Guid(50f66452fd1f1774aafd0e25550ca955) Importer(815301076,1909f56bfc062723c751e8b465ee728b)  -> (artifact id: '89ee74cc0703dbb6bc77a6a70e3bab37') in 0.016861 seconds
  Import took 0.021610 seconds .

========================================================================
Received Import Request.
  Time since last request: 0.000232 seconds.
  path: Assets/Images/floor/Muro-Angel-1-F1_07.png
  artifactKey: Guid(a587f74064986ea44b1bf898ab2b31ef) Importer(815301076,1909f56bfc062723c751e8b465ee728b)
Start importing Assets/Images/floor/Muro-Angel-1-F1_07.png using Guid(a587f74064986ea44b1bf898ab2b31ef) Importer(815301076,1909f56bfc062723c751e8b465ee728b)  -> (artifact id: '4758b29ac6cb6cbe68c706060bef7db3') in 0.018447 seconds
  Import took 0.023965 seconds .

========================================================================
Received Import Request.
  Time since last request: 0.000197 seconds.
  path: Assets/Images/floor/Muro-Angel-1-F1_03.png
  artifactKey: Guid(13edf9f7a7e35c846b5457453f07319c) Importer(815301076,1909f56bfc062723c751e8b465ee728b)
Start importing Assets/Images/floor/Muro-Angel-1-F1_03.png using Guid(13edf9f7a7e35c846b5457453f07319c) Importer(815301076,1909f56bfc062723c751e8b465ee728b)  -> (artifact id: 'abbce8a1eb1dee577f6789aff2610f53') in 0.027097 seconds
  Import took 0.031416 seconds .

========================================================================
Received Import Request.
  Time since last request: 0.000209 seconds.
  path: Assets/Images/floor/Muro-Angel-1-F1_05.png
  artifactKey: Guid(b732d81439846c54b87261f561196920) Importer(815301076,1909f56bfc062723c751e8b465ee728b)
Start importing Assets/Images/floor/Muro-Angel-1-F1_05.png using Guid(b732d81439846c54b87261f561196920) Importer(815301076,1909f56bfc062723c751e8b465ee728b)  -> (artifact id: 'ac303c7b0ab0f3db586f22f54e265f4f') in 0.018041 seconds
  Import took 0.023796 seconds .

========================================================================
Received Import Request.
  Time since last request: 0.000220 seconds.
  path: Assets/Images/floor/Muro-Angel-1-F1_04.png
  artifactKey: Guid(7f962edb045a37a49800915ef6723fc3) Importer(815301076,1909f56bfc062723c751e8b465ee728b)
Start importing Assets/Images/floor/Muro-Angel-1-F1_04.png using Guid(7f962edb045a37a49800915ef6723fc3) Importer(815301076,1909f56bfc062723c751e8b465ee728b)  -> (artifact id: '01bfd1b169665ff9943f4bc1853942de') in 0.017129 seconds
  Import took 0.022480 seconds .

========================================================================
Received Prepare
Registering precompiled user dll's ...
Registered in 0.001576 seconds.
Begin MonoManager ReloadAssembly
Native extension for WindowsStandalone target not found
Refreshing native plugins compatible for Editor in 0.40 ms, found 1 plugins.
Preloading 0 native plugins for Editor in 0.00 ms.
Mono: successfully reloaded assembly
- Completed reload, in  1.239 seconds
Platform modules already initialized, skipping
Refreshing native plugins compatible for Editor in 0.64 ms, found 1 plugins.
Preloading 0 native plugins for Editor in 0.00 ms.
Unloading 1810 Unused Serialized files (Serialized files now loaded: 0)
System memory in use before: 89.7 MB.
System memory in use after: 89.7 MB.

Unloading 12 unused Assets to reduce memory usage. Loaded Objects now: 2391.
Total: 2.802000 ms (FindLiveObjects: 0.202200 ms CreateObjectMapping: 0.086800 ms MarkObjects: 2.374200 ms  DeleteObjects: 0.137400 ms)

========================================================================
Received Prepare
Registering precompiled user dll's ...
Registered in 0.003039 seconds.
Begin MonoManager ReloadAssembly
Native extension for WindowsStandalone target not found
Refreshing native plugins compatible for Editor in 0.57 ms, found 1 plugins.
Preloading 0 native plugins for Editor in 0.00 ms.
Mono: successfully reloaded assembly
- Completed reload, in  1.213 seconds
Platform modules already initialized, skipping
Refreshing native plugins compatible for Editor in 0.85 ms, found 1 plugins.
Preloading 0 native plugins for Editor in 0.00 ms.
Unloading 1810 Unused Serialized files (Serialized files now loaded: 0)
System memory in use before: 89.7 MB.
System memory in use after: 89.7 MB.

Unloading 12 unused Assets to reduce memory usage. Loaded Objects now: 2395.
Total: 2.846600 ms (FindLiveObjects: 0.236300 ms CreateObjectMapping: 0.261800 ms MarkObjects: 2.180300 ms  DeleteObjects: 0.165800 ms)

========================================================================
Received Prepare
Registering precompiled user dll's ...
Registered in 0.001229 seconds.
Begin MonoManager ReloadAssembly
Native extension for WindowsStandalone target not found
Refreshing native plugins compatible for Editor in 0.39 ms, found 1 plugins.
Preloading 0 native plugins for Editor in 0.00 ms.
Mono: successfully reloaded assembly
- Completed reload, in  1.109 seconds
Platform modules already initialized, skipping
Refreshing native plugins compatible for Editor in 0.43 ms, found 1 plugins.
Preloading 0 native plugins for Editor in 0.00 ms.
Unloading 1810 Unused Serialized files (Serialized files now loaded: 0)
System memory in use before: 89.7 MB.
System memory in use after: 89.7 MB.

Unloading 12 unused Assets to reduce memory usage. Loaded Objects now: 2399.
Total: 2.608100 ms (FindLiveObjects: 0.190600 ms CreateObjectMapping: 0.063500 ms MarkObjects: 2.211000 ms  DeleteObjects: 0.141800 ms)

========================================================================
Received Prepare
Registering precompiled user dll's ...
Registered in 0.001359 seconds.
Begin MonoManager ReloadAssembly
Native extension for WindowsStandalone target not found
Refreshing native plugins compatible for Editor in 0.41 ms, found 1 plugins.
Preloading 0 native plugins for Editor in 0.00 ms.
Mono: successfully reloaded assembly
- Completed reload, in  1.080 seconds
Platform modules already initialized, skipping
Refreshing native plugins compatible for Editor in 0.38 ms, found 1 plugins.
Preloading 0 native plugins for Editor in 0.00 ms.
Unloading 1810 Unused Serialized files (Serialized files now loaded: 0)
System memory in use before: 89.7 MB.
System memory in use after: 89.7 MB.

Unloading 12 unused Assets to reduce memory usage. Loaded Objects now: 2403.
Total: 2.494700 ms (FindLiveObjects: 0.201600 ms CreateObjectMapping: 0.082500 ms MarkObjects: 2.071700 ms  DeleteObjects: 0.137300 ms)

========================================================================
Received Prepare
Registering precompiled user dll's ...
Registered in 0.001382 seconds.
Begin MonoManager ReloadAssembly
Native extension for WindowsStandalone target not found
Refreshing native plugins compatible for Editor in 0.59 ms, found 1 plugins.
Preloading 0 native plugins for Editor in 0.00 ms.
Mono: successfully reloaded assembly
- Completed reload, in  1.089 seconds
Platform modules already initialized, skipping
Refreshing native plugins compatible for Editor in 0.55 ms, found 1 plugins.
Preloading 0 native plugins for Editor in 0.00 ms.
Unloading 1810 Unused Serialized files (Serialized files now loaded: 0)
System memory in use before: 89.7 MB.
System memory in use after: 89.7 MB.

Unloading 12 unused Assets to reduce memory usage. Loaded Objects now: 2407.
Total: 3.814900 ms (FindLiveObjects: 0.380100 ms CreateObjectMapping: 0.133400 ms MarkObjects: 3.119700 ms  DeleteObjects: 0.179900 ms)

========================================================================
Received Prepare
Registering precompiled user dll's ...
Registered in 0.001372 seconds.
Begin MonoManager ReloadAssembly
Native extension for WindowsStandalone target not found
Refreshing native plugins compatible for Editor in 0.41 ms, found 1 plugins.
Preloading 0 native plugins for Editor in 0.00 ms.
Mono: successfully reloaded assembly
- Completed reload, in  1.078 seconds
Platform modules already initialized, skipping
Refreshing native plugins compatible for Editor in 0.41 ms, found 1 plugins.
Preloading 0 native plugins for Editor in 0.00 ms.
Unloading 1810 Unused Serialized files (Serialized files now loaded: 0)
System memory in use before: 89.7 MB.
System memory in use after: 89.7 MB.

Unloading 12 unused Assets to reduce memory usage. Loaded Objects now: 2411.
Total: 2.871900 ms (FindLiveObjects: 0.449800 ms CreateObjectMapping: 0.199600 ms MarkObjects: 2.078800 ms  DeleteObjects: 0.141000 ms)

========================================================================
Received Prepare
Registering precompiled user dll's ...
Registered in 0.001407 seconds.
Begin MonoManager ReloadAssembly
Native extension for WindowsStandalone target not found
Refreshing native plugins compatible for Editor in 0.75 ms, found 1 plugins.
Preloading 0 native plugins for Editor in 0.00 ms.
Mono: successfully reloaded assembly
- Completed reload, in  1.078 seconds
Platform modules already initialized, skipping
Refreshing native plugins compatible for Editor in 0.42 ms, found 1 plugins.
Preloading 0 native plugins for Editor in 0.00 ms.
Unloading 1810 Unused Serialized files (Serialized files now loaded: 0)
System memory in use before: 89.7 MB.
System memory in use after: 89.7 MB.

Unloading 12 unused Assets to reduce memory usage. Loaded Objects now: 2415.
Total: 2.153100 ms (FindLiveObjects: 0.192000 ms CreateObjectMapping: 0.069700 ms MarkObjects: 1.758100 ms  DeleteObjects: 0.132200 ms)

========================================================================
Received Prepare
Registering precompiled user dll's ...
Registered in 0.001372 seconds.
Begin MonoManager ReloadAssembly
Native extension for WindowsStandalone target not found
Refreshing native plugins compatible for Editor in 0.38 ms, found 1 plugins.
Preloading 0 native plugins for Editor in 0.00 ms.
Mono: successfully reloaded assembly
- Completed reload, in  1.143 seconds
Platform modules already initialized, skipping
Refreshing native plugins compatible for Editor in 0.39 ms, found 1 plugins.
Preloading 0 native plugins for Editor in 0.00 ms.
Unloading 1810 Unused Serialized files (Serialized files now loaded: 0)
System memory in use before: 89.8 MB.
System memory in use after: 89.7 MB.

Unloading 12 unused Assets to reduce memory usage. Loaded Objects now: 2419.
Total: 2.559900 ms (FindLiveObjects: 0.181900 ms CreateObjectMapping: 0.129900 ms MarkObjects: 2.118500 ms  DeleteObjects: 0.128300 ms)

========================================================================
Received Prepare
Registering precompiled user dll's ...
Registered in 0.001345 seconds.
Begin MonoManager ReloadAssembly
Native extension for WindowsStandalone target not found
Refreshing native plugins compatible for Editor in 0.37 ms, found 1 plugins.
Preloading 0 native plugins for Editor in 0.00 ms.
Mono: successfully reloaded assembly
- Completed reload, in  1.185 seconds
Platform modules already initialized, skipping
Refreshing native plugins compatible for Editor in 0.41 ms, found 1 plugins.
Preloading 0 native plugins for Editor in 0.00 ms.
Unloading 1810 Unused Serialized files (Serialized files now loaded: 0)
System memory in use before: 89.8 MB.
System memory in use after: 89.7 MB.

Unloading 12 unused Assets to reduce memory usage. Loaded Objects now: 2423.
Total: 2.213500 ms (FindLiveObjects: 0.186200 ms CreateObjectMapping: 0.069200 ms MarkObjects: 1.830200 ms  DeleteObjects: 0.126900 ms)

========================================================================
Received Prepare
Registering precompiled user dll's ...
Registered in 0.001261 seconds.
Begin MonoManager ReloadAssembly
Native extension for WindowsStandalone target not found
Refreshing native plugins compatible for Editor in 0.36 ms, found 1 plugins.
Preloading 0 native plugins for Editor in 0.00 ms.
Mono: successfully reloaded assembly
- Completed reload, in  1.100 seconds
Platform modules already initialized, skipping
Refreshing native plugins compatible for Editor in 0.38 ms, found 1 plugins.
Preloading 0 native plugins for Editor in 0.00 ms.
Unloading 1810 Unused Serialized files (Serialized files now loaded: 0)
System memory in use before: 89.8 MB.
System memory in use after: 89.8 MB.

Unloading 12 unused Assets to reduce memory usage. Loaded Objects now: 2427.
Total: 2.741600 ms (FindLiveObjects: 0.301300 ms CreateObjectMapping: 0.078200 ms MarkObjects: 2.186300 ms  DeleteObjects: 0.174500 ms)

========================================================================
Received Prepare
Registering precompiled user dll's ...
Registered in 0.001663 seconds.
Begin MonoManager ReloadAssembly
Native extension for WindowsStandalone target not found
Refreshing native plugins compatible for Editor in 0.37 ms, found 1 plugins.
Preloading 0 native plugins for Editor in 0.00 ms.
Mono: successfully reloaded assembly
- Completed reload, in  1.111 seconds
Platform modules already initialized, skipping
Refreshing native plugins compatible for Editor in 0.41 ms, found 1 plugins.
Preloading 0 native plugins for Editor in 0.00 ms.
Unloading 1810 Unused Serialized files (Serialized files now loaded: 0)
System memory in use before: 89.8 MB.
System memory in use after: 89.8 MB.

Unloading 12 unused Assets to reduce memory usage. Loaded Objects now: 2431.
Total: 2.243300 ms (FindLiveObjects: 0.215200 ms CreateObjectMapping: 0.084900 ms MarkObjects: 1.826000 ms  DeleteObjects: 0.116000 ms)

========================================================================
Received Prepare
Registering precompiled user dll's ...
Registered in 0.001563 seconds.
Begin MonoManager ReloadAssembly
Native extension for WindowsStandalone target not found
Refreshing native plugins compatible for Editor in 0.38 ms, found 1 plugins.
Preloading 0 native plugins for Editor in 0.00 ms.
Mono: successfully reloaded assembly
- Completed reload, in  1.098 seconds
Platform modules already initialized, skipping
Refreshing native plugins compatible for Editor in 0.37 ms, found 1 plugins.
Preloading 0 native plugins for Editor in 0.00 ms.
Unloading 1810 Unused Serialized files (Serialized files now loaded: 0)
System memory in use before: 89.8 MB.
System memory in use after: 89.8 MB.

Unloading 12 unused Assets to reduce memory usage. Loaded Objects now: 2435.
Total: 2.413100 ms (FindLiveObjects: 0.229300 ms CreateObjectMapping: 0.133800 ms MarkObjects: 1.884100 ms  DeleteObjects: 0.163800 ms)

========================================================================
Received Prepare
Registering precompiled user dll's ...
Registered in 0.001456 seconds.
Begin MonoManager ReloadAssembly
Native extension for WindowsStandalone target not found
Refreshing native plugins compatible for Editor in 0.49 ms, found 1 plugins.
Preloading 0 native plugins for Editor in 0.00 ms.
Mono: successfully reloaded assembly
- Completed reload, in  1.092 seconds
Platform modules already initialized, skipping
Refreshing native plugins compatible for Editor in 0.61 ms, found 1 plugins.
Preloading 0 native plugins for Editor in 0.00 ms.
Unloading 1810 Unused Serialized files (Serialized files now loaded: 0)
System memory in use before: 89.8 MB.
System memory in use after: 89.8 MB.

Unloading 12 unused Assets to reduce memory usage. Loaded Objects now: 2439.
Total: 2.284900 ms (FindLiveObjects: 0.207300 ms CreateObjectMapping: 0.102000 ms MarkObjects: 1.830100 ms  DeleteObjects: 0.144400 ms)

========================================================================
Received Prepare
Registering precompiled user dll's ...
Registered in 0.001787 seconds.
Begin MonoManager ReloadAssembly
Native extension for WindowsStandalone target not found
Refreshing native plugins compatible for Editor in 0.37 ms, found 1 plugins.
Preloading 0 native plugins for Editor in 0.00 ms.
Mono: successfully reloaded assembly
- Completed reload, in  1.109 seconds
Platform modules already initialized, skipping
Refreshing native plugins compatible for Editor in 0.67 ms, found 1 plugins.
Preloading 0 native plugins for Editor in 0.00 ms.
Unloading 1810 Unused Serialized files (Serialized files now loaded: 0)
System memory in use before: 89.8 MB.
System memory in use after: 89.8 MB.

Unloading 12 unused Assets to reduce memory usage. Loaded Objects now: 2443.
Total: 2.435100 ms (FindLiveObjects: 0.252900 ms CreateObjectMapping: 0.128600 ms MarkObjects: 1.930900 ms  DeleteObjects: 0.121400 ms)

========================================================================
Received Prepare
Registering precompiled user dll's ...
Registered in 0.001758 seconds.
Begin MonoManager ReloadAssembly
Native extension for WindowsStandalone target not found
Refreshing native plugins compatible for Editor in 0.60 ms, found 1 plugins.
Preloading 0 native plugins for Editor in 0.00 ms.
Mono: successfully reloaded assembly
- Completed reload, in  1.125 seconds
Platform modules already initialized, skipping
Refreshing native plugins compatible for Editor in 0.66 ms, found 1 plugins.
Preloading 0 native plugins for Editor in 0.00 ms.
Unloading 1810 Unused Serialized files (Serialized files now loaded: 0)
System memory in use before: 89.8 MB.
System memory in use after: 89.8 MB.

Unloading 12 unused Assets to reduce memory usage. Loaded Objects now: 2447.
Total: 3.053200 ms (FindLiveObjects: 0.200500 ms CreateObjectMapping: 0.070500 ms MarkObjects: 2.646300 ms  DeleteObjects: 0.133600 ms)

========================================================================
Received Prepare
Registering precompiled user dll's ...
Registered in 0.001278 seconds.
Begin MonoManager ReloadAssembly
Native extension for WindowsStandalone target not found
Refreshing native plugins compatible for Editor in 0.44 ms, found 1 plugins.
Preloading 0 native plugins for Editor in 0.00 ms.
Mono: successfully reloaded assembly
- Completed reload, in  1.093 seconds
Platform modules already initialized, skipping
Refreshing native plugins compatible for Editor in 0.49 ms, found 1 plugins.
Preloading 0 native plugins for Editor in 0.00 ms.
Unloading 1810 Unused Serialized files (Serialized files now loaded: 0)
System memory in use before: 89.8 MB.
System memory in use after: 89.8 MB.

Unloading 12 unused Assets to reduce memory usage. Loaded Objects now: 2451.
Total: 2.419900 ms (FindLiveObjects: 0.292000 ms CreateObjectMapping: 0.101600 ms MarkObjects: 1.871800 ms  DeleteObjects: 0.152800 ms)

========================================================================
Received Prepare
Registering precompiled user dll's ...
Registered in 0.002126 seconds.
Begin MonoManager ReloadAssembly
Native extension for WindowsStandalone target not found
Refreshing native plugins compatible for Editor in 0.38 ms, found 1 plugins.
Preloading 0 native plugins for Editor in 0.00 ms.
Mono: successfully reloaded assembly
- Completed reload, in  1.131 seconds
Platform modules already initialized, skipping
Refreshing native plugins compatible for Editor in 0.49 ms, found 1 plugins.
Preloading 0 native plugins for Editor in 0.00 ms.
Unloading 1810 Unused Serialized files (Serialized files now loaded: 0)
System memory in use before: 89.8 MB.
System memory in use after: 89.8 MB.

Unloading 12 unused Assets to reduce memory usage. Loaded Objects now: 2455.
Total: 3.996700 ms (FindLiveObjects: 0.368800 ms CreateObjectMapping: 0.128100 ms MarkObjects: 3.288500 ms  DeleteObjects: 0.209100 ms)

========================================================================
Received Prepare
Registering precompiled user dll's ...
Registered in 0.001331 seconds.
Begin MonoManager ReloadAssembly
Native extension for WindowsStandalone target not found
Refreshing native plugins compatible for Editor in 0.43 ms, found 1 plugins.
Preloading 0 native plugins for Editor in 0.00 ms.
Mono: successfully reloaded assembly
- Completed reload, in  1.173 seconds
Platform modules already initialized, skipping
Refreshing native plugins compatible for Editor in 0.42 ms, found 1 plugins.
Preloading 0 native plugins for Editor in 0.00 ms.
Unloading 1810 Unused Serialized files (Serialized files now loaded: 0)
System memory in use before: 89.8 MB.
System memory in use after: 89.8 MB.

Unloading 12 unused Assets to reduce memory usage. Loaded Objects now: 2459.
Total: 4.012800 ms (FindLiveObjects: 0.491800 ms CreateObjectMapping: 0.208800 ms MarkObjects: 3.030600 ms  DeleteObjects: 0.279600 ms)

========================================================================
Received Prepare
Registering precompiled user dll's ...
Registered in 0.001393 seconds.
Begin MonoManager ReloadAssembly
Native extension for WindowsStandalone target not found
Refreshing native plugins compatible for Editor in 0.54 ms, found 1 plugins.
Preloading 0 native plugins for Editor in 0.00 ms.
Mono: successfully reloaded assembly
- Completed reload, in  1.181 seconds
Platform modules already initialized, skipping
Refreshing native plugins compatible for Editor in 0.46 ms, found 1 plugins.
Preloading 0 native plugins for Editor in 0.00 ms.
Unloading 1810 Unused Serialized files (Serialized files now loaded: 0)
System memory in use before: 89.8 MB.
System memory in use after: 89.8 MB.

Unloading 12 unused Assets to reduce memory usage. Loaded Objects now: 2463.
Total: 2.456400 ms (FindLiveObjects: 0.323700 ms CreateObjectMapping: 0.122800 ms MarkObjects: 1.856700 ms  DeleteObjects: 0.151800 ms)

========================================================================
Received Prepare
Registering precompiled user dll's ...
Registered in 0.001252 seconds.
Begin MonoManager ReloadAssembly
Native extension for WindowsStandalone target not found
Refreshing native plugins compatible for Editor in 0.69 ms, found 1 plugins.
Preloading 0 native plugins for Editor in 0.00 ms.
Mono: successfully reloaded assembly
- Completed reload, in  1.132 seconds
Platform modules already initialized, skipping
Refreshing native plugins compatible for Editor in 0.42 ms, found 1 plugins.
Preloading 0 native plugins for Editor in 0.00 ms.
Unloading 1810 Unused Serialized files (Serialized files now loaded: 0)
System memory in use before: 89.9 MB.
System memory in use after: 89.8 MB.

Unloading 12 unused Assets to reduce memory usage. Loaded Objects now: 2467.
Total: 2.508300 ms (FindLiveObjects: 0.185000 ms CreateObjectMapping: 0.063600 ms MarkObjects: 2.099300 ms  DeleteObjects: 0.159000 ms)

========================================================================
Received Prepare
Registering precompiled user dll's ...
Registered in 0.001301 seconds.
Begin MonoManager ReloadAssembly
Native extension for WindowsStandalone target not found
Refreshing native plugins compatible for Editor in 0.67 ms, found 1 plugins.
Preloading 0 native plugins for Editor in 0.00 ms.
Mono: successfully reloaded assembly
- Completed reload, in  1.071 seconds
Platform modules already initialized, skipping
Refreshing native plugins compatible for Editor in 0.48 ms, found 1 plugins.
Preloading 0 native plugins for Editor in 0.00 ms.
Unloading 1810 Unused Serialized files (Serialized files now loaded: 0)
System memory in use before: 89.9 MB.
System memory in use after: 89.8 MB.

Unloading 12 unused Assets to reduce memory usage. Loaded Objects now: 2471.
Total: 2.444000 ms (FindLiveObjects: 0.239100 ms CreateObjectMapping: 0.068600 ms MarkObjects: 1.986600 ms  DeleteObjects: 0.148700 ms)

========================================================================
Received Prepare
Registering precompiled user dll's ...
Registered in 0.001664 seconds.
Begin MonoManager ReloadAssembly
Native extension for WindowsStandalone target not found
Refreshing native plugins compatible for Editor in 0.36 ms, found 1 plugins.
Preloading 0 native plugins for Editor in 0.00 ms.
Mono: successfully reloaded assembly
- Completed reload, in  1.146 seconds
Platform modules already initialized, skipping
Refreshing native plugins compatible for Editor in 0.37 ms, found 1 plugins.
Preloading 0 native plugins for Editor in 0.00 ms.
Unloading 1810 Unused Serialized files (Serialized files now loaded: 0)
System memory in use before: 89.9 MB.
System memory in use after: 89.8 MB.

Unloading 12 unused Assets to reduce memory usage. Loaded Objects now: 2475.
Total: 2.791400 ms (FindLiveObjects: 0.242800 ms CreateObjectMapping: 0.087800 ms MarkObjects: 2.302000 ms  DeleteObjects: 0.157400 ms)

========================================================================
Received Import Request.
  Time since last request: 1354.549757 seconds.
  path: Assets/Images/Dice/Dice.anim
  artifactKey: Guid(987a149e8db51344392a14d393c6ffae) Importer(815301076,1909f56bfc062723c751e8b465ee728b)
Start importing Assets/Images/Dice/Dice.anim using Guid(987a149e8db51344392a14d393c6ffae) Importer(815301076,1909f56bfc062723c751e8b465ee728b)  -> (artifact id: 'b24e3c3b17b649725e7b6c634805cd48') in 0.056825 seconds
  Import took 0.065682 seconds .

========================================================================
Received Prepare
Registering precompiled user dll's ...
Registered in 0.001741 seconds.
Begin MonoManager ReloadAssembly
Native extension for WindowsStandalone target not found
Refreshing native plugins compatible for Editor in 0.48 ms, found 1 plugins.
Preloading 0 native plugins for Editor in 0.00 ms.
Mono: successfully reloaded assembly
- Completed reload, in  1.235 seconds
Platform modules already initialized, skipping
Refreshing native plugins compatible for Editor in 0.50 ms, found 1 plugins.
Preloading 0 native plugins for Editor in 0.00 ms.
Unloading 1810 Unused Serialized files (Serialized files now loaded: 0)
System memory in use before: 89.9 MB.
System memory in use after: 89.9 MB.

Unloading 12 unused Assets to reduce memory usage. Loaded Objects now: 2479.
Total: 3.797900 ms (FindLiveObjects: 0.272300 ms CreateObjectMapping: 0.146200 ms MarkObjects: 3.230200 ms  DeleteObjects: 0.147800 ms)

========================================================================
Received Prepare
Registering precompiled user dll's ...
Registered in 0.002232 seconds.
Begin MonoManager ReloadAssembly
Native extension for WindowsStandalone target not found
Refreshing native plugins compatible for Editor in 1.18 ms, found 1 plugins.
Preloading 0 native plugins for Editor in 0.00 ms.
Mono: successfully reloaded assembly
- Completed reload, in  1.588 seconds
Platform modules already initialized, skipping
Refreshing native plugins compatible for Editor in 0.48 ms, found 1 plugins.
Preloading 0 native plugins for Editor in 0.00 ms.
Unloading 1810 Unused Serialized files (Serialized files now loaded: 0)
System memory in use before: 89.9 MB.
System memory in use after: 89.9 MB.

Unloading 12 unused Assets to reduce memory usage. Loaded Objects now: 2483.
Total: 4.976700 ms (FindLiveObjects: 0.393300 ms CreateObjectMapping: 0.152300 ms MarkObjects: 3.856400 ms  DeleteObjects: 0.572400 ms)

========================================================================
Received Prepare
Registering precompiled user dll's ...
Registered in 0.001227 seconds.
Begin MonoManager ReloadAssembly
Native extension for WindowsStandalone target not found
Refreshing native plugins compatible for Editor in 0.37 ms, found 1 plugins.
Preloading 0 native plugins for Editor in 0.00 ms.
Mono: successfully reloaded assembly
- Completed reload, in  1.250 seconds
Platform modules already initialized, skipping
Refreshing native plugins compatible for Editor in 0.37 ms, found 1 plugins.
Preloading 0 native plugins for Editor in 0.00 ms.
Unloading 1810 Unused Serialized files (Serialized files now loaded: 0)
System memory in use before: 89.9 MB.
System memory in use after: 89.9 MB.

Unloading 12 unused Assets to reduce memory usage. Loaded Objects now: 2487.
Total: 2.072100 ms (FindLiveObjects: 0.200600 ms CreateObjectMapping: 0.066000 ms MarkObjects: 1.691000 ms  DeleteObjects: 0.113400 ms)

========================================================================
Received Import Request.
  Time since last request: 534.776837 seconds.
  path: Assets/Images/jim_morrison-the_doors-77-aniversario.jpg_423682103.jpg
  artifactKey: Guid(59e9264f1b4f1ec478f04f9b95248271) Importer(815301076,1909f56bfc062723c751e8b465ee728b)
Start importing Assets/Images/jim_morrison-the_doors-77-aniversario.jpg_423682103.jpg using Guid(59e9264f1b4f1ec478f04f9b95248271) Importer(815301076,1909f56bfc062723c751e8b465ee728b)  -> (artifact id: '4ea89d0ccd7a43b32a336eb875556857') in 0.081173 seconds
  Import took 0.087622 seconds .

========================================================================
Received Import Request.
  Time since last request: 12.234524 seconds.
  path: Assets/Materials/Doors.mat
  artifactKey: Guid(9e44a3d37fdf66a4183230259084ce35) Importer(815301076,1909f56bfc062723c751e8b465ee728b)
Start importing Assets/Materials/Doors.mat using Guid(9e44a3d37fdf66a4183230259084ce35) Importer(815301076,1909f56bfc062723c751e8b465ee728b)  -> (artifact id: 'b0365edb26c9684fcb98a518a49161a5') in 0.047743 seconds
  Import took 0.053968 seconds .

========================================================================
Received Prepare
Registering precompiled user dll's ...
Registered in 0.002610 seconds.
Begin MonoManager ReloadAssembly
Native extension for WindowsStandalone target not found
Refreshing native plugins compatible for Editor in 0.64 ms, found 1 plugins.
Preloading 0 native plugins for Editor in 0.00 ms.
Mono: successfully reloaded assembly
- Completed reload, in  1.231 seconds
Platform modules already initialized, skipping
Refreshing native plugins compatible for Editor in 0.82 ms, found 1 plugins.
Preloading 0 native plugins for Editor in 0.00 ms.
Unloading 1810 Unused Serialized files (Serialized files now loaded: 0)
System memory in use before: 89.9 MB.
System memory in use after: 89.9 MB.

Unloading 12 unused Assets to reduce memory usage. Loaded Objects now: 2492.
Total: 2.937300 ms (FindLiveObjects: 0.220900 ms CreateObjectMapping: 0.140800 ms MarkObjects: 2.394000 ms  DeleteObjects: 0.180300 ms)

========================================================================
Received Import Request.
  Time since last request: 162.990487 seconds.
  path: Assets/Scripts/DoorController.cs
  artifactKey: Guid(fb53bac2915acea4295a270b282bb82a) Importer(815301076,1909f56bfc062723c751e8b465ee728b)
Start importing Assets/Scripts/DoorController.cs using Guid(fb53bac2915acea4295a270b282bb82a) Importer(815301076,1909f56bfc062723c751e8b465ee728b)  -> (artifact id: '663be58c3e376d8eff14efbaf8925873') in 0.043378 seconds
  Import took 0.048699 seconds .

========================================================================
Received Prepare
Registering precompiled user dll's ...
Registered in 0.001428 seconds.
Begin MonoManager ReloadAssembly
Native extension for WindowsStandalone target not found
Refreshing native plugins compatible for Editor in 0.38 ms, found 1 plugins.
Preloading 0 native plugins for Editor in 0.00 ms.
Mono: successfully reloaded assembly
- Completed reload, in  1.149 seconds
Platform modules already initialized, skipping
Refreshing native plugins compatible for Editor in 0.45 ms, found 1 plugins.
Preloading 0 native plugins for Editor in 0.00 ms.
Unloading 1811 Unused Serialized files (Serialized files now loaded: 0)
System memory in use before: 90.0 MB.
System memory in use after: 89.9 MB.

Unloading 12 unused Assets to reduce memory usage. Loaded Objects now: 2497.
Total: 2.196100 ms (FindLiveObjects: 0.209000 ms CreateObjectMapping: 0.098800 ms MarkObjects: 1.774900 ms  DeleteObjects: 0.112100 ms)

========================================================================
Received Prepare
Registering precompiled user dll's ...
Registered in 0.127884 seconds.
Begin MonoManager ReloadAssembly
Native extension for WindowsStandalone target not found
Refreshing native plugins compatible for Editor in 0.83 ms, found 1 plugins.
Preloading 0 native plugins for Editor in 0.00 ms.
Mono: successfully reloaded assembly
- Completed reload, in  1.541 seconds
Platform modules already initialized, skipping
Refreshing native plugins compatible for Editor in 0.67 ms, found 1 plugins.
Preloading 0 native plugins for Editor in 0.00 ms.
Unloading 1811 Unused Serialized files (Serialized files now loaded: 0)
System memory in use before: 90.0 MB.
System memory in use after: 89.9 MB.

Unloading 12 unused Assets to reduce memory usage. Loaded Objects now: 2501.
Total: 3.327700 ms (FindLiveObjects: 0.239800 ms CreateObjectMapping: 0.090900 ms MarkObjects: 2.865600 ms  DeleteObjects: 0.129500 ms)

========================================================================
Received Prepare
Registering precompiled user dll's ...
Registered in 0.001243 seconds.
Begin MonoManager ReloadAssembly
Native extension for WindowsStandalone target not found
Refreshing native plugins compatible for Editor in 0.38 ms, found 1 plugins.
Preloading 0 native plugins for Editor in 0.00 ms.
Mono: successfully reloaded assembly
- Completed reload, in  1.199 seconds
Platform modules already initialized, skipping
Refreshing native plugins compatible for Editor in 0.43 ms, found 1 plugins.
Preloading 0 native plugins for Editor in 0.00 ms.
Unloading 1811 Unused Serialized files (Serialized files now loaded: 0)
System memory in use before: 90.0 MB.
System memory in use after: 89.9 MB.

Unloading 12 unused Assets to reduce memory usage. Loaded Objects now: 2505.
Total: 2.779000 ms (FindLiveObjects: 0.281600 ms CreateObjectMapping: 0.074800 ms MarkObjects: 2.244100 ms  DeleteObjects: 0.177300 ms)

========================================================================
Received Prepare
Registering precompiled user dll's ...
Registered in 0.001280 seconds.
Begin MonoManager ReloadAssembly
Native extension for WindowsStandalone target not found
Refreshing native plugins compatible for Editor in 0.37 ms, found 1 plugins.
Preloading 0 native plugins for Editor in 0.00 ms.
Mono: successfully reloaded assembly
- Completed reload, in  1.241 seconds
Platform modules already initialized, skipping
Refreshing native plugins compatible for Editor in 0.72 ms, found 1 plugins.
Preloading 0 native plugins for Editor in 0.00 ms.
Unloading 1811 Unused Serialized files (Serialized files now loaded: 0)
System memory in use before: 90.0 MB.
System memory in use after: 89.9 MB.

Unloading 12 unused Assets to reduce memory usage. Loaded Objects now: 2509.
Total: 2.976500 ms (FindLiveObjects: 0.280500 ms CreateObjectMapping: 0.115200 ms MarkObjects: 2.430400 ms  DeleteObjects: 0.148000 ms)

========================================================================
Received Import Request.
  Time since last request: 823.931460 seconds.
  path: ProjectSettings/TagManager.asset
  artifactKey: Guid(00000000000000003000000000000000) Importer(815301076,1909f56bfc062723c751e8b465ee728b)
Start importing ProjectSettings/TagManager.asset using Guid(00000000000000003000000000000000) Importer(815301076,1909f56bfc062723c751e8b465ee728b)  -> (artifact id: '95df672b4aaba54310d34c83eef51bb8') in 0.031940 seconds
  Import took 0.038656 seconds .

========================================================================
Received Prepare
Registering precompiled user dll's ...
Registered in 0.001174 seconds.
Begin MonoManager ReloadAssembly
Native extension for WindowsStandalone target not found
Refreshing native plugins compatible for Editor in 0.37 ms, found 1 plugins.
Preloading 0 native plugins for Editor in 0.00 ms.
Mono: successfully reloaded assembly
- Completed reload, in  1.098 seconds
Platform modules already initialized, skipping
Refreshing native plugins compatible for Editor in 0.50 ms, found 1 plugins.
Preloading 0 native plugins for Editor in 0.00 ms.
Unloading 1811 Unused Serialized files (Serialized files now loaded: 0)
System memory in use before: 90.0 MB.
System memory in use after: 90.0 MB.

Unloading 13 unused Assets to reduce memory usage. Loaded Objects now: 2513.
Total: 2.852900 ms (FindLiveObjects: 0.225600 ms CreateObjectMapping: 0.068300 ms MarkObjects: 2.397600 ms  DeleteObjects: 0.160100 ms)

========================================================================
Received Prepare
Registering precompiled user dll's ...
Registered in 0.001389 seconds.
Begin MonoManager ReloadAssembly
Native extension for WindowsStandalone target not found
Refreshing native plugins compatible for Editor in 0.39 ms, found 1 plugins.
Preloading 0 native plugins for Editor in 0.00 ms.
Mono: successfully reloaded assembly
- Completed reload, in  1.046 seconds
Platform modules already initialized, skipping
Refreshing native plugins compatible for Editor in 0.44 ms, found 1 plugins.
Preloading 0 native plugins for Editor in 0.00 ms.
Unloading 1811 Unused Serialized files (Serialized files now loaded: 0)
System memory in use before: 90.0 MB.
System memory in use after: 90.0 MB.

Unloading 12 unused Assets to reduce memory usage. Loaded Objects now: 2517.
Total: 4.243000 ms (FindLiveObjects: 0.252300 ms CreateObjectMapping: 0.090900 ms MarkObjects: 3.588300 ms  DeleteObjects: 0.309800 ms)

========================================================================
Received Prepare
Registering precompiled user dll's ...
Registered in 0.001278 seconds.
Begin MonoManager ReloadAssembly
Native extension for WindowsStandalone target not found
Refreshing native plugins compatible for Editor in 0.37 ms, found 1 plugins.
Preloading 0 native plugins for Editor in 0.00 ms.
Mono: successfully reloaded assembly
- Completed reload, in  1.104 seconds
Platform modules already initialized, skipping
Refreshing native plugins compatible for Editor in 0.37 ms, found 1 plugins.
Preloading 0 native plugins for Editor in 0.00 ms.
Unloading 1811 Unused Serialized files (Serialized files now loaded: 0)
System memory in use before: 90.0 MB.
System memory in use after: 90.0 MB.

Unloading 12 unused Assets to reduce memory usage. Loaded Objects now: 2521.
Total: 2.248900 ms (FindLiveObjects: 0.206200 ms CreateObjectMapping: 0.075200 ms MarkObjects: 1.846400 ms  DeleteObjects: 0.120100 ms)

========================================================================
Received Prepare
Registering precompiled user dll's ...
Registered in 0.001434 seconds.
Begin MonoManager ReloadAssembly
Native extension for WindowsStandalone target not found
Refreshing native plugins compatible for Editor in 0.71 ms, found 1 plugins.
Preloading 0 native plugins for Editor in 0.00 ms.
Mono: successfully reloaded assembly
- Completed reload, in  1.198 seconds
Platform modules already initialized, skipping
Refreshing native plugins compatible for Editor in 0.44 ms, found 1 plugins.
Preloading 0 native plugins for Editor in 0.00 ms.
Unloading 1811 Unused Serialized files (Serialized files now loaded: 0)
System memory in use before: 90.0 MB.
System memory in use after: 90.0 MB.

Unloading 12 unused Assets to reduce memory usage. Loaded Objects now: 2525.
Total: 3.172900 ms (FindLiveObjects: 0.327800 ms CreateObjectMapping: 0.074500 ms MarkObjects: 2.618100 ms  DeleteObjects: 0.150500 ms)

========================================================================
Received Prepare
Registering precompiled user dll's ...
Registered in 0.001311 seconds.
Begin MonoManager ReloadAssembly
Native extension for WindowsStandalone target not found
Refreshing native plugins compatible for Editor in 0.44 ms, found 1 plugins.
Preloading 0 native plugins for Editor in 0.00 ms.
Mono: successfully reloaded assembly
- Completed reload, in  1.152 seconds
Platform modules already initialized, skipping
Refreshing native plugins compatible for Editor in 0.52 ms, found 1 plugins.
Preloading 0 native plugins for Editor in 0.00 ms.
Unloading 1811 Unused Serialized files (Serialized files now loaded: 0)
System memory in use before: 90.0 MB.
System memory in use after: 90.0 MB.

Unloading 12 unused Assets to reduce memory usage. Loaded Objects now: 2529.
Total: 3.764400 ms (FindLiveObjects: 0.268500 ms CreateObjectMapping: 0.081600 ms MarkObjects: 3.229100 ms  DeleteObjects: 0.183100 ms)

========================================================================
Received Prepare
Registering precompiled user dll's ...
Registered in 0.001885 seconds.
Begin MonoManager ReloadAssembly
Native extension for WindowsStandalone target not found
Refreshing native plugins compatible for Editor in 0.74 ms, found 1 plugins.
Preloading 0 native plugins for Editor in 0.00 ms.
Mono: successfully reloaded assembly
- Completed reload, in  1.506 seconds
Platform modules already initialized, skipping
Refreshing native plugins compatible for Editor in 0.46 ms, found 1 plugins.
Preloading 0 native plugins for Editor in 0.00 ms.
Unloading 1811 Unused Serialized files (Serialized files now loaded: 0)
System memory in use before: 90.0 MB.
System memory in use after: 90.0 MB.

Unloading 12 unused Assets to reduce memory usage. Loaded Objects now: 2533.
Total: 2.947600 ms (FindLiveObjects: 0.262000 ms CreateObjectMapping: 0.097800 ms MarkObjects: 2.457200 ms  DeleteObjects: 0.128800 ms)

========================================================================
Received Prepare
Registering precompiled user dll's ...
Registered in 0.001503 seconds.
Begin MonoManager ReloadAssembly
Native extension for WindowsStandalone target not found
Refreshing native plugins compatible for Editor in 0.66 ms, found 1 plugins.
Preloading 0 native plugins for Editor in 0.00 ms.
Mono: successfully reloaded assembly
- Completed reload, in  1.468 seconds
Platform modules already initialized, skipping
Refreshing native plugins compatible for Editor in 0.58 ms, found 1 plugins.
Preloading 0 native plugins for Editor in 0.00 ms.
Unloading 1811 Unused Serialized files (Serialized files now loaded: 0)
System memory in use before: 90.0 MB.
System memory in use after: 90.0 MB.

Unloading 12 unused Assets to reduce memory usage. Loaded Objects now: 2537.
Total: 2.778800 ms (FindLiveObjects: 0.220800 ms CreateObjectMapping: 0.125900 ms MarkObjects: 2.280500 ms  DeleteObjects: 0.149800 ms)

========================================================================
Received Prepare
Registering precompiled user dll's ...
Registered in 0.001307 seconds.
Begin MonoManager ReloadAssembly
Native extension for WindowsStandalone target not found
Refreshing native plugins compatible for Editor in 0.81 ms, found 1 plugins.
Preloading 0 native plugins for Editor in 0.00 ms.
Mono: successfully reloaded assembly
- Completed reload, in  1.463 seconds
Platform modules already initialized, skipping
Refreshing native plugins compatible for Editor in 0.57 ms, found 1 plugins.
Preloading 0 native plugins for Editor in 0.00 ms.
Unloading 1811 Unused Serialized files (Serialized files now loaded: 0)
System memory in use before: 90.0 MB.
System memory in use after: 90.0 MB.

Unloading 12 unused Assets to reduce memory usage. Loaded Objects now: 2541.
Total: 3.969600 ms (FindLiveObjects: 0.475100 ms CreateObjectMapping: 0.269000 ms MarkObjects: 3.036700 ms  DeleteObjects: 0.186400 ms)

========================================================================
Received Prepare
Registering precompiled user dll's ...
Registered in 0.001387 seconds.
Begin MonoManager ReloadAssembly
Native extension for WindowsStandalone target not found
Refreshing native plugins compatible for Editor in 0.66 ms, found 1 plugins.
Preloading 0 native plugins for Editor in 0.00 ms.
Mono: successfully reloaded assembly
- Completed reload, in  1.159 seconds
Platform modules already initialized, skipping
Refreshing native plugins compatible for Editor in 0.59 ms, found 1 plugins.
Preloading 0 native plugins for Editor in 0.00 ms.
Unloading 1811 Unused Serialized files (Serialized files now loaded: 0)
System memory in use before: 90.1 MB.
System memory in use after: 90.0 MB.

Unloading 12 unused Assets to reduce memory usage. Loaded Objects now: 2545.
Total: 2.717500 ms (FindLiveObjects: 0.241000 ms CreateObjectMapping: 0.093300 ms MarkObjects: 2.191400 ms  DeleteObjects: 0.190400 ms)

========================================================================
Received Prepare
Registering precompiled user dll's ...
Registered in 0.002149 seconds.
Begin MonoManager ReloadAssembly
Native extension for WindowsStandalone target not found
Refreshing native plugins compatible for Editor in 0.47 ms, found 1 plugins.
Preloading 0 native plugins for Editor in 0.00 ms.
Mono: successfully reloaded assembly
- Completed reload, in  1.229 seconds
Platform modules already initialized, skipping
Refreshing native plugins compatible for Editor in 0.38 ms, found 1 plugins.
Preloading 0 native plugins for Editor in 0.00 ms.
Unloading 1811 Unused Serialized files (Serialized files now loaded: 0)
System memory in use before: 90.1 MB.
System memory in use after: 90.0 MB.

Unloading 12 unused Assets to reduce memory usage. Loaded Objects now: 2549.
Total: 2.300200 ms (FindLiveObjects: 0.219200 ms CreateObjectMapping: 0.072800 ms MarkObjects: 1.885000 ms  DeleteObjects: 0.122100 ms)

========================================================================
Received Prepare
Registering precompiled user dll's ...
Registered in 0.002069 seconds.
Begin MonoManager ReloadAssembly
Native extension for WindowsStandalone target not found
Refreshing native plugins compatible for Editor in 0.52 ms, found 1 plugins.
Preloading 0 native plugins for Editor in 0.00 ms.
Mono: successfully reloaded assembly
- Completed reload, in  1.134 seconds
Platform modules already initialized, skipping
Refreshing native plugins compatible for Editor in 0.42 ms, found 1 plugins.
Preloading 0 native plugins for Editor in 0.00 ms.
Unloading 1811 Unused Serialized files (Serialized files now loaded: 0)
System memory in use before: 90.1 MB.
System memory in use after: 90.0 MB.

Unloading 12 unused Assets to reduce memory usage. Loaded Objects now: 2553.
Total: 2.896100 ms (FindLiveObjects: 0.206000 ms CreateObjectMapping: 0.100800 ms MarkObjects: 2.370500 ms  DeleteObjects: 0.217700 ms)

========================================================================
Received Prepare
Registering precompiled user dll's ...
Registered in 0.002180 seconds.
Begin MonoManager ReloadAssembly
Native extension for WindowsStandalone target not found
Refreshing native plugins compatible for Editor in 0.40 ms, found 1 plugins.
Preloading 0 native plugins for Editor in 0.00 ms.
Mono: successfully reloaded assembly
- Completed reload, in  1.370 seconds
Platform modules already initialized, skipping
Refreshing native plugins compatible for Editor in 0.73 ms, found 1 plugins.
Preloading 0 native plugins for Editor in 0.00 ms.
Unloading 1811 Unused Serialized files (Serialized files now loaded: 0)
System memory in use before: 90.1 MB.
System memory in use after: 90.1 MB.

Unloading 12 unused Assets to reduce memory usage. Loaded Objects now: 2557.
Total: 3.083300 ms (FindLiveObjects: 0.291200 ms CreateObjectMapping: 0.098200 ms MarkObjects: 2.502500 ms  DeleteObjects: 0.189500 ms)

========================================================================
Received Prepare
Registering precompiled user dll's ...
Registered in 0.001490 seconds.
Begin MonoManager ReloadAssembly
Native extension for WindowsStandalone target not found
Refreshing native plugins compatible for Editor in 0.60 ms, found 1 plugins.
Preloading 0 native plugins for Editor in 0.00 ms.
Mono: successfully reloaded assembly
- Completed reload, in  1.224 seconds
Platform modules already initialized, skipping
Refreshing native plugins compatible for Editor in 0.56 ms, found 1 plugins.
Preloading 0 native plugins for Editor in 0.00 ms.
Unloading 1811 Unused Serialized files (Serialized files now loaded: 0)
System memory in use before: 90.1 MB.
System memory in use after: 90.1 MB.

Unloading 12 unused Assets to reduce memory usage. Loaded Objects now: 2561.
Total: 4.041200 ms (FindLiveObjects: 0.446000 ms CreateObjectMapping: 0.308100 ms MarkObjects: 3.002500 ms  DeleteObjects: 0.282000 ms)

========================================================================
Received Prepare
Registering precompiled user dll's ...
Registered in 0.001217 seconds.
Begin MonoManager ReloadAssembly
Native extension for WindowsStandalone target not found
Refreshing native plugins compatible for Editor in 0.56 ms, found 1 plugins.
Preloading 0 native plugins for Editor in 0.00 ms.
Mono: successfully reloaded assembly
- Completed reload, in  1.150 seconds
Platform modules already initialized, skipping
Refreshing native plugins compatible for Editor in 0.80 ms, found 1 plugins.
Preloading 0 native plugins for Editor in 0.00 ms.
Unloading 1811 Unused Serialized files (Serialized files now loaded: 0)
System memory in use before: 90.1 MB.
System memory in use after: 90.1 MB.

Unloading 12 unused Assets to reduce memory usage. Loaded Objects now: 2565.
Total: 3.052800 ms (FindLiveObjects: 0.280300 ms CreateObjectMapping: 0.096800 ms MarkObjects: 2.515400 ms  DeleteObjects: 0.159100 ms)

========================================================================
Received Prepare
Registering precompiled user dll's ...
Registered in 0.001894 seconds.
Begin MonoManager ReloadAssembly
Native extension for WindowsStandalone target not found
Refreshing native plugins compatible for Editor in 0.39 ms, found 1 plugins.
Preloading 0 native plugins for Editor in 0.00 ms.
Mono: successfully reloaded assembly
- Completed reload, in  1.198 seconds
Platform modules already initialized, skipping
Refreshing native plugins compatible for Editor in 0.42 ms, found 1 plugins.
Preloading 0 native plugins for Editor in 0.00 ms.
Unloading 1811 Unused Serialized files (Serialized files now loaded: 0)
System memory in use before: 90.1 MB.
System memory in use after: 90.1 MB.

Unloading 12 unused Assets to reduce memory usage. Loaded Objects now: 2569.
Total: 2.999300 ms (FindLiveObjects: 0.222500 ms CreateObjectMapping: 0.082500 ms MarkObjects: 2.551200 ms  DeleteObjects: 0.141800 ms)

AssetImportWorkerClient::OnTransportError - code=2 error=End of file
